[09:49:14][Info] : Luna Server version: 0.11.47 (D:\Games\KSP\Luna\LMPServer)
[09:49:14][Debug] : Loading universe... 
[09:49:14][Debug] : Loading groups...
[09:49:14][Debug] : Loading settings...
[09:49:14][Debug] : Loading plugins...
[09:49:15][Info] : Starting 'Luke's Luna Server' on Port 1025... 
[09:49:19][Debug] : UPnP active. Port: 1025 Udp opened!
[09:49:19][Debug] : UPnP + Website active. Port: 8088 Tcp opened!
[09:49:19][Debug] : Performing backups...
[09:49:19][Info] : Registering with master servers...
[09:49:19][Info] : All systems up and running. Поехали!
[09:49:49][Debug] : Performing backups...
[09:50:19][Debug] : Performing backups...
[09:50:49][Debug] : Performing backups...
[09:51:19][Debug] : Performing backups...
[09:51:49][Debug] : Performing backups...
[09:52:19][Debug] : Performing backups...
[09:52:49][Debug] : Performing backups...
[09:53:19][Debug] : Performing backups...
[09:53:49][Debug] : Performing backups...
[09:54:19][Debug] : Performing backups...
[09:54:49][Debug] : Performing backups...
[09:55:19][Debug] : Performing backups...
[09:55:49][Debug] : Performing backups...
[09:56:19][Debug] : Performing backups...
[09:56:49][Debug] : Performing backups...
[09:57:19][Debug] : Performing backups...
[09:57:49][Debug] : Performing backups...
[09:58:19][Debug] : Performing backups...
[09:58:49][Debug] : Performing backups...
[09:59:15][Debug] : Deleting saved log 'lmpserver 2018-05-26 10-22-02', reason: Expired!
[09:59:15][Debug] : Deleting saved log 'lmpserver 2018-05-26 10-49-16', reason: Expired!
[09:59:15][Debug] : Deleting saved log 'lmpserver 2018-05-26 13-33-15', reason: Expired!
[09:59:15][Debug] : Deleting saved log 'lmpserver 2018-05-26 13-58-48', reason: Expired!
[09:59:15][Debug] : Deleting saved log 'lmpserver 2018-05-26 14-05-57', reason: Expired!
[09:59:15][Debug] : Deleting saved log 'lmpserver 2018-05-26 14-34-41', reason: Expired!
[09:59:15][Debug] : Deleting saved log 'lmpserver 2018-05-26 14-35-20', reason: Expired!
[09:59:15][Debug] : Deleting saved log 'lmpserver 2018-05-26 14-35-42', reason: Expired!
[09:59:15][Debug] : Deleting saved log 'lmpserver 2018-05-26 14-58-23', reason: Expired!
[09:59:15][Debug] : Deleting saved log 'lmpserver 2018-05-26 16-16-12', reason: Expired!
[09:59:15][Debug] : Deleting saved log 'lmpserver 2018-05-27 16-49-44', reason: Expired!
[09:59:15][Debug] : Deleting saved log 'lmpserver 2018-05-27 20-23-56', reason: Expired!
[09:59:15][Debug] : Deleting saved log 'lmpserver 2018-05-27 23-04-55', reason: Expired!
[09:59:15][Debug] : Deleting saved log 'lmpserver 2018-05-28 15-03-36', reason: Expired!
[09:59:15][Debug] : Deleting saved log 'lmpserver 2018-05-28 15-04-48', reason: Expired!
[09:59:15][Debug] : Deleting saved log 'lmpserver 2018-05-28 15-06-55', reason: Expired!
[09:59:15][Debug] : Deleting saved log 'lmpserver 2018-05-28 15-07-02', reason: Expired!
[09:59:15][Debug] : Deleting saved log 'lmpserver 2018-05-28 15-09-23', reason: Expired!
[09:59:15][Debug] : Deleting saved log 'lmpserver 2018-05-28 15-09-31', reason: Expired!
[09:59:15][Debug] : Deleting saved log 'lmpserver 2018-05-28 15-10-24', reason: Expired!
[09:59:15][Debug] : Deleting saved log 'lmpserver 2018-05-28 15-10-51', reason: Expired!
[09:59:15][Debug] : Deleting saved log 'lmpserver 2018-05-28 15-12-46', reason: Expired!
[09:59:15][Debug] : Deleting saved log 'lmpserver 2018-05-28 15-12-57', reason: Expired!
[09:59:15][Debug] : Deleting saved log 'lmpserver 2018-05-28 15-14-10', reason: Expired!
[09:59:15][Debug] : Deleting saved log 'lmpserver 2018-05-28 15-15-15', reason: Expired!
[09:59:15][Debug] : Deleting saved log 'lmpserver 2018-05-28 15-16-03', reason: Expired!
[09:59:15][Debug] : Deleting saved log 'lmpserver 2018-05-28 15-16-11', reason: Expired!
[09:59:15][Debug] : Deleting saved log 'lmpserver 2018-05-28 15-17-34', reason: Expired!
[09:59:15][Debug] : Deleting saved log 'lmpserver 2018-05-28 15-18-46', reason: Expired!
[09:59:15][Debug] : Deleting saved log 'lmpserver 2018-05-28 15-22-25', reason: Expired!
[09:59:15][Debug] : Deleting saved log 'lmpserver 2018-05-28 15-39-09', reason: Expired!
[09:59:15][Debug] : Deleting saved log 'lmpserver 2018-05-28 16-46-55', reason: Expired!
[09:59:15][Debug] : Deleting saved log 'lmpserver 2018-05-28 16-47-58', reason: Expired!
[09:59:15][Debug] : Deleting saved log 'lmpserver 2018-05-28 18-29-35', reason: Expired!
[09:59:15][Debug] : Deleting saved log 'lmpserver 2018-05-28 18-36-07', reason: Expired!
[09:59:15][Debug] : Deleting saved log 'lmpserver 2018-05-28 18-39-05', reason: Expired!
[09:59:15][Debug] : Deleting saved log 'lmpserver 2018-05-28 18-39-19', reason: Expired!
[09:59:15][Debug] : Deleting saved log 'lmpserver 2018-05-28 18-39-42', reason: Expired!
[09:59:15][Debug] : Deleting saved log 'lmpserver 2018-05-28 19-23-04', reason: Expired!
[09:59:15][Debug] : Deleting saved log 'lmpserver 2018-05-28 19-23-23', reason: Expired!
[09:59:15][Debug] : Deleting saved log 'lmpserver 2018-05-28 19-23-37', reason: Expired!
[09:59:15][Debug] : Deleting saved log 'lmpserver 2018-05-28 19-29-51', reason: Expired!
[09:59:15][Debug] : Deleting saved log 'lmpserver 2018-05-28 19-31-44', reason: Expired!
[09:59:15][Debug] : Deleting saved log 'lmpserver 2018-05-28 19-33-00', reason: Expired!
[09:59:15][Debug] : Deleting saved log 'lmpserver 2018-05-28 19-36-34', reason: Expired!
[09:59:15][Debug] : Deleting saved log 'lmpserver 2018-05-28 19-37-02', reason: Expired!
[09:59:15][Debug] : Deleting saved log 'lmpserver 2018-05-28 19-41-04', reason: Expired!
[09:59:15][Debug] : Deleting saved log 'lmpserver 2018-05-28 19-41-45', reason: Expired!
[09:59:15][Debug] : Deleting saved log 'lmpserver 2018-05-28 19-42-56', reason: Expired!
[09:59:15][Debug] : Deleting saved log 'lmpserver 2018-05-28 19-43-08', reason: Expired!
[09:59:15][Debug] : Deleting saved log 'lmpserver 2018-05-28 19-47-19', reason: Expired!
[09:59:15][Debug] : Deleting saved log 'lmpserver 2018-05-28 19-49-58', reason: Expired!
[09:59:15][Debug] : Deleting saved log 'lmpserver 2018-05-28 19-51-17', reason: Expired!
[09:59:15][Debug] : Deleting saved log 'lmpserver 2018-05-28 19-51-30', reason: Expired!
[09:59:15][Debug] : Deleting saved log 'lmpserver 2018-05-28 19-51-58', reason: Expired!
[09:59:15][Debug] : Deleting saved log 'lmpserver 2018-05-28 20-05-00', reason: Expired!
[09:59:15][Debug] : Deleting saved log 'lmpserver 2018-05-28 20-06-12', reason: Expired!
[09:59:15][Debug] : Deleting saved log 'lmpserver 2018-05-28 20-08-33', reason: Expired!
[09:59:15][Debug] : Deleting saved log 'lmpserver 2018-05-28 20-13-44', reason: Expired!
[09:59:15][Debug] : Deleting saved log 'lmpserver 2018-05-28 20-14-01', reason: Expired!
[09:59:15][Debug] : Deleting saved log 'lmpserver 2018-05-28 20-14-26', reason: Expired!
[09:59:15][Debug] : Deleting saved log 'lmpserver 2018-05-28 20-14-55', reason: Expired!
[09:59:15][Debug] : Deleting saved log 'lmpserver 2018-05-28 20-16-47', reason: Expired!
[09:59:15][Debug] : Deleting saved log 'lmpserver 2018-05-28 20-17-17', reason: Expired!
[09:59:15][Debug] : Deleting saved log 'lmpserver 2018-05-28 20-17-29', reason: Expired!
[09:59:15][Debug] : Deleting saved log 'lmpserver 2018-05-28 20-17-59', reason: Expired!
[09:59:15][Debug] : Deleting saved log 'lmpserver 2018-05-28 20-18-50', reason: Expired!
[09:59:15][Debug] : Deleting saved log 'lmpserver 2018-05-28 20-22-08', reason: Expired!
[09:59:15][Debug] : Deleting saved log 'lmpserver 2018-05-28 20-22-24', reason: Expired!
[09:59:15][Debug] : Deleting saved log 'lmpserver 2018-05-28 20-22-33', reason: Expired!
[09:59:15][Debug] : Deleting saved log 'lmpserver 2018-05-28 20-24-36', reason: Expired!
[09:59:15][Debug] : Deleting saved log 'lmpserver 2018-05-28 20-49-30', reason: Expired!
[09:59:15][Debug] : Deleting saved log 'lmpserver 2018-05-28 20-49-48', reason: Expired!
[09:59:15][Debug] : Deleting saved log 'lmpserver 2018-05-28 20-49-59', reason: Expired!
[09:59:15][Debug] : Deleting saved log 'lmpserver 2018-05-28 20-50-52', reason: Expired!
[09:59:15][Debug] : Deleting saved log 'lmpserver 2018-05-28 20-51-25', reason: Expired!
[09:59:15][Debug] : Deleting saved log 'lmpserver 2018-05-28 20-51-58', reason: Expired!
[09:59:15][Debug] : Deleting saved log 'lmpserver 2018-05-28 20-52-30', reason: Expired!
[09:59:15][Debug] : Deleting saved log 'lmpserver 2018-05-28 20-52-47', reason: Expired!
[09:59:15][Debug] : Deleting saved log 'lmpserver 2018-05-28 20-56-44', reason: Expired!
[09:59:15][Debug] : Deleting saved log 'lmpserver 2018-05-28 20-56-48', reason: Expired!
[09:59:15][Debug] : Deleting saved log 'lmpserver 2018-05-28 20-56-58', reason: Expired!
[09:59:15][Debug] : Deleting saved log 'lmpserver 2018-05-28 20-57-51', reason: Expired!
[09:59:15][Debug] : Deleting saved log 'lmpserver 2018-05-28 20-58-51', reason: Expired!
[09:59:15][Debug] : Deleting saved log 'lmpserver 2018-05-28 20-59-02', reason: Expired!
[09:59:15][Debug] : Deleting saved log 'lmpserver 2018-05-29 18-20-32', reason: Expired!
[09:59:15][Debug] : Deleting saved log 'lmpserver 2018-05-29 18-31-44', reason: Expired!
[09:59:15][Debug] : Deleting saved log 'lmpserver 2018-05-29 20-40-18', reason: Expired!
[09:59:15][Debug] : Deleting saved log 'lmpserver 2018-05-29 20-42-30', reason: Expired!
[09:59:15][Debug] : Deleting saved log 'lmpserver 2018-05-29 20-51-47', reason: Expired!
[09:59:15][Debug] : Deleting saved log 'lmpserver 2018-06-06 15-07-51', reason: Expired!
[09:59:15][Debug] : Deleting saved log 'lmpserver 2018-06-06 15-17-56', reason: Expired!
[09:59:15][Debug] : Deleting saved log 'lmpserver 2018-06-06 16-22-34', reason: Expired!
[09:59:15][Debug] : Deleting saved log 'lmpserver_2018-06-13_17-31-53', reason: Expired!
[09:59:15][Debug] : Deleting saved log 'lmpserver_2018-06-13_17-36-01', reason: Expired!
[09:59:15][Debug] : Deleting saved log 'lmpserver_2018-06-13_17-38-56', reason: Expired!
[09:59:19][Debug] : Performing backups...
[09:59:49][Debug] : Performing backups...
[10:00:19][Debug] : Performing backups...
[10:00:49][Debug] : Performing backups...
[10:01:19][Debug] : Performing backups...
[10:01:49][Debug] : Performing backups...
[10:02:19][Debug] : Performing backups...
[10:02:49][Debug] : Performing backups...
[10:03:19][Debug] : Performing backups...
[10:03:49][Debug] : Performing backups...
[10:04:19][Debug] : Performing backups...
[10:04:49][Debug] : Performing backups...
[10:05:19][Debug] : Performing backups...
[10:05:49][Debug] : Performing backups...
[10:06:19][Debug] : Performing backups...
[10:06:49][Debug] : Performing backups...
[10:07:19][Debug] : Performing backups...
[10:07:49][Debug] : Performing backups...
[10:08:20][Debug] : Performing backups...
[10:08:50][Debug] : Performing backups...
[10:09:20][Debug] : Performing backups...
[10:09:50][Debug] : Performing backups...
[10:10:20][Debug] : Performing backups...
[10:10:50][Debug] : Performing backups...
[10:11:20][Debug] : Performing backups...
[10:11:50][Debug] : Performing backups...
[10:12:20][Debug] : Performing backups...
[10:12:50][Debug] : Performing backups...
[10:13:20][Debug] : Performing backups...
[10:13:50][Debug] : Performing backups...
[10:14:20][Debug] : Performing backups...
[10:14:50][Debug] : Performing backups...
[10:15:20][Debug] : Performing backups...
[10:15:50][Debug] : Performing backups...
[10:16:20][Debug] : Performing backups...
[10:16:50][Debug] : Performing backups...
[10:17:20][Debug] : Performing backups...
[10:17:50][Debug] : Performing backups...
[10:18:20][Debug] : Performing backups...
[10:18:50][Debug] : Performing backups...
[10:19:20][Debug] : Performing backups...
[10:19:50][Debug] : Performing backups...
[10:20:20][Debug] : Performing backups...
[10:20:50][Debug] : Performing backups...
[10:21:20][Debug] : Performing backups...
[10:21:50][Debug] : Performing backups...
[10:22:20][Debug] : Performing backups...
[10:22:50][Debug] : Performing backups...
[10:23:20][Debug] : Performing backups...
[10:23:50][Debug] : Performing backups...
[10:24:20][Debug] : Performing backups...
[10:24:50][Debug] : Performing backups...
[10:25:20][Debug] : Performing backups...
[10:25:50][Debug] : Performing backups...
[10:26:20][Debug] : Performing backups...
[10:26:50][Debug] : Performing backups...
[10:27:20][Debug] : Performing backups...
[10:27:50][Debug] : Performing backups...
[10:28:20][Debug] : Performing backups...
[10:28:50][Debug] : Performing backups...
[10:29:20][Debug] : Performing backups...
[10:29:50][Debug] : Performing backups...
[10:30:20][Debug] : Performing backups...
[10:30:50][Debug] : Performing backups...
[10:31:20][Debug] : Performing backups...
[10:31:50][Debug] : Performing backups...
[10:32:20][Debug] : Performing backups...
[10:32:50][Debug] : Performing backups...
[10:33:20][Debug] : Performing backups...
[10:33:50][Debug] : Performing backups...
[10:34:20][Debug] : Performing backups...
[10:34:50][Debug] : Performing backups...
[10:35:20][Debug] : Performing backups...
[10:35:50][Debug] : Performing backups...
[10:36:20][Debug] : Performing backups...
[10:36:50][Debug] : Performing backups...
[10:37:20][Debug] : Performing backups...
