[15:29:49][Warning] : Remember! Quit the server by using Control+C so the vessels are saved to the hard drive!
[15:29:49][Info] : Luna Server version: 0.12.49 (/home/servers/lmp/LapisLMPServer)
[15:29:49][Debug] : Loading universe... 
[15:29:49][Debug] : Loading groups...
[15:29:49][Debug] : Loading settings...
[15:29:49][Debug] : Loading plugins...
[15:29:49][Info] : Starting 'Lapis's Luna Server' on Port 8800... 
[15:29:54][Debug] : Performing backups...
[15:29:54][Info] : Registering with master servers...
[15:29:54][Info] : All systems up and running. Поехали!
[15:30:24][Debug] : Performing backups...
[15:30:54][Debug] : Performing backups...
[15:31:24][Debug] : Performing backups...
[15:31:54][Debug] : Performing backups...
[15:32:24][Debug] : Performing backups...
[15:32:54][Debug] : Performing backups...
[15:33:24][Debug] : Performing backups...
[15:33:54][Debug] : Performing backups...
[15:34:24][Debug] : Performing backups...
[15:34:54][Debug] : Performing backups...
[15:35:24][Debug] : Performing backups...
[15:35:54][Debug] : Performing backups...
[15:36:24][Debug] : Performing backups...
[15:36:54][Debug] : Performing backups...
[15:37:24][Debug] : Performing backups...
[15:37:54][Debug] : Performing backups...
[15:38:24][Debug] : Performing backups...
[15:38:54][Debug] : Performing backups...
[15:39:24][Debug] : Performing backups...
[15:39:54][Debug] : Performing backups...
[15:40:24][Debug] : Performing backups...
[15:40:54][Debug] : Performing backups...
[15:41:24][Debug] : Performing backups...
[15:41:54][Debug] : Performing backups...
[15:42:24][Debug] : Performing backups...
[15:42:54][Debug] : Performing backups...
[15:43:24][Debug] : Performing backups...
[15:43:54][Debug] : Performing backups...
[15:44:24][Debug] : Performing backups...
[15:44:54][Debug] : Performing backups...
[15:45:24][Debug] : Performing backups...
[15:45:55][Debug] : Performing backups...
[15:46:25][Debug] : Performing backups...
[15:46:55][Debug] : Performing backups...
[15:47:25][Debug] : Performing backups...
[15:47:55][Debug] : Performing backups...
[15:48:25][Debug] : Performing backups...
[15:48:55][Debug] : Performing backups...
[15:49:25][Debug] : Performing backups...
[15:49:55][Debug] : Performing backups...
[15:50:25][Debug] : Performing backups...
[15:50:55][Debug] : Performing backups...
[15:51:25][Debug] : Performing backups...
[15:51:55][Debug] : Performing backups...
[15:52:25][Debug] : Performing backups...
[15:52:55][Debug] : Performing backups...
[15:53:25][Debug] : Performing backups...
[15:53:55][Debug] : Performing backups...
[15:54:25][Debug] : Performing backups...
[15:54:55][Debug] : Performing backups...
[15:55:25][Debug] : Performing backups...
[15:55:55][Debug] : Performing backups...
[15:56:25][Debug] : Performing backups...
[15:56:55][Debug] : Performing backups...
[15:57:25][Debug] : Performing backups...
[15:57:55][Debug] : Performing backups...
[15:58:25][Debug] : Performing backups...
[15:58:55][Debug] : Performing backups...
[15:59:25][Debug] : Performing backups...
[15:59:55][Debug] : Performing backups...
[16:00:25][Debug] : Performing backups...
[16:00:55][Debug] : Performing backups...
[16:01:25][Debug] : Performing backups...
[16:01:55][Debug] : Performing backups...
[16:02:25][Debug] : Performing backups...
[16:02:55][Debug] : Performing backups...
[16:03:25][Debug] : Performing backups...
[16:03:55][Debug] : Performing backups...
[16:04:25][Debug] : Performing backups...
[16:04:55][Debug] : Performing backups...
[16:05:25][Debug] : Performing backups...
[16:05:55][Debug] : Performing backups...
[16:06:25][Debug] : Performing backups...
[16:06:55][Debug] : Performing backups...
[16:07:25][Debug] : Performing backups...
[16:07:55][Debug] : Performing backups...
[16:08:25][Debug] : Performing backups...
[16:08:55][Debug] : Performing backups...
[16:09:25][Debug] : Performing backups...
[16:09:55][Debug] : Performing backups...
[16:10:25][Debug] : Performing backups...
[16:10:55][Debug] : Performing backups...
[16:11:25][Debug] : Performing backups...
[16:11:55][Debug] : Performing backups...
[16:12:25][Debug] : Performing backups...
[16:12:55][Debug] : Performing backups...
[16:13:25][Debug] : Performing backups...
[16:13:55][Debug] : Performing backups...
[16:14:25][Debug] : Performing backups...
[16:14:55][Debug] : Performing backups...
[16:15:25][Debug] : Performing backups...
[16:15:55][Debug] : Performing backups...
[16:16:25][Debug] : Performing backups...
[16:16:55][Debug] : Performing backups...
[16:17:25][Debug] : Performing backups...
[16:17:55][Debug] : Performing backups...
[16:18:25][Debug] : Performing backups...
[16:18:55][Debug] : Performing backups...
[16:19:25][Debug] : Performing backups...
[16:19:55][Debug] : Performing backups...
[16:20:25][Debug] : Performing backups...
[16:20:55][Debug] : Performing backups...
[16:21:25][Debug] : Performing backups...
[16:21:55][Debug] : Performing backups...
[16:22:25][Debug] : Performing backups...
[16:22:55][Debug] : Performing backups...
[16:23:25][Debug] : Performing backups...
[16:23:55][Debug] : Performing backups...
[16:24:25][Debug] : Performing backups...
[16:24:55][Debug] : Performing backups...
[16:25:25][Debug] : Performing backups...
[16:25:55][Debug] : Performing backups...
[16:26:25][Debug] : Performing backups...
[16:26:55][Debug] : Performing backups...
[16:27:25][Debug] : Performing backups...
[16:27:55][Debug] : Performing backups...
[16:28:25][Debug] : Performing backups...
[16:28:55][Debug] : Performing backups...
[16:29:25][Debug] : Performing backups...
[16:29:55][Debug] : Performing backups...
[16:30:25][Debug] : Performing backups...
[16:30:55][Debug] : Performing backups...
[16:31:25][Debug] : Performing backups...
[16:31:55][Debug] : Performing backups...
[16:32:25][Debug] : Performing backups...
[16:32:55][Debug] : Performing backups...
[16:33:25][Debug] : Performing backups...
[16:33:55][Debug] : Performing backups...
[16:34:25][Debug] : Performing backups...
[16:34:55][Debug] : Performing backups...
[16:35:25][Debug] : Performing backups...
[16:35:56][Debug] : Performing backups...
[16:36:26][Debug] : Performing backups...
[16:36:56][Debug] : Performing backups...
[16:37:26][Debug] : Performing backups...
[16:37:56][Debug] : Performing backups...
[16:38:26][Debug] : Performing backups...
[16:38:56][Debug] : Performing backups...
[16:39:26][Debug] : Performing backups...
[16:39:56][Debug] : Performing backups...
[16:40:26][Debug] : Performing backups...
[16:40:56][Debug] : Performing backups...
[16:41:26][Debug] : Performing backups...
[16:41:56][Debug] : Performing backups...
[16:42:26][Debug] : Performing backups...
[16:42:56][Debug] : Performing backups...
[16:43:26][Debug] : Performing backups...
[16:43:56][Debug] : Performing backups...
[16:44:26][Debug] : Performing backups...
[16:44:56][Debug] : Performing backups...
[16:45:26][Debug] : Performing backups...
[16:45:56][Debug] : Performing backups...
[16:46:26][Debug] : Performing backups...
[16:46:56][Debug] : Performing backups...
[16:47:26][Debug] : Performing backups...
[16:47:56][Debug] : Performing backups...
[16:48:26][Debug] : Performing backups...
[16:48:56][Debug] : Performing backups...
[16:49:26][Debug] : Performing backups...
[16:49:56][Debug] : Performing backups...
[16:50:26][Debug] : Performing backups...
[16:50:56][Debug] : Performing backups...
[16:51:26][Debug] : Performing backups...
[16:51:56][Debug] : Performing backups...
[16:52:26][Debug] : Performing backups...
[16:52:56][Debug] : Performing backups...
[16:53:26][Debug] : Performing backups...
[16:53:56][Debug] : Performing backups...
[16:54:26][Debug] : Performing backups...
[16:54:56][Debug] : Performing backups...
[16:55:26][Debug] : Performing backups...
[16:55:56][Debug] : Performing backups...
[16:56:26][Debug] : Performing backups...
[16:56:56][Debug] : Performing backups...
[16:57:26][Debug] : Performing backups...
[16:57:56][Debug] : Performing backups...
[16:58:26][Debug] : Performing backups...
[16:58:56][Debug] : Performing backups...
[16:59:26][Debug] : Performing backups...
[16:59:56][Debug] : Performing backups...
[17:00:26][Debug] : Performing backups...
[17:00:56][Debug] : Performing backups...
[17:01:26][Debug] : Performing backups...
[17:01:56][Debug] : Performing backups...
[17:02:26][Debug] : Performing backups...
[17:02:56][Debug] : Performing backups...
[17:03:26][Debug] : Performing backups...
[17:03:56][Debug] : Performing backups...
[17:04:26][Debug] : Performing backups...
[17:04:56][Debug] : Performing backups...
[17:05:26][Debug] : Performing backups...
[17:05:56][Debug] : Performing backups...
[17:06:26][Debug] : Performing backups...
[17:06:56][Debug] : Performing backups...
[17:07:26][Debug] : Performing backups...
[17:07:56][Debug] : Performing backups...
[17:08:26][Debug] : Performing backups...
[17:08:56][Debug] : Performing backups...
[17:09:26][Debug] : Performing backups...
[17:09:56][Debug] : Performing backups...
[17:10:26][Debug] : Performing backups...
[17:10:56][Debug] : Performing backups...
[17:11:26][Debug] : Performing backups...
[17:11:56][Debug] : Performing backups...
[17:12:26][Debug] : Performing backups...
[17:12:56][Debug] : Performing backups...
[17:13:26][Debug] : Performing backups...
[17:13:56][Debug] : Performing backups...
[17:14:26][Debug] : Performing backups...
[17:14:56][Debug] : Performing backups...
[17:15:26][Debug] : Performing backups...
[17:15:56][Debug] : Performing backups...
[17:16:26][Debug] : Performing backups...
[17:16:56][Debug] : Performing backups...
[17:17:26][Debug] : Performing backups...
[17:17:56][Debug] : Performing backups...
[17:18:26][Debug] : Performing backups...
[17:18:56][Debug] : Performing backups...
[17:19:26][Debug] : Performing backups...
[17:19:56][Debug] : Performing backups...
[17:20:26][Debug] : Performing backups...
[17:20:56][Debug] : Performing backups...
[17:21:26][Debug] : Performing backups...
[17:21:56][Debug] : Performing backups...
[17:22:26][Debug] : Performing backups...
[17:22:56][Debug] : Performing backups...
[17:23:26][Debug] : Performing backups...
[17:23:56][Debug] : Performing backups...
[17:24:26][Debug] : Performing backups...
[17:24:56][Debug] : Performing backups...
[17:25:27][Debug] : Performing backups...
[17:25:57][Debug] : Performing backups...
[17:26:27][Debug] : Performing backups...
[17:26:57][Debug] : Performing backups...
[17:27:27][Debug] : Performing backups...
[17:27:57][Debug] : Performing backups...
[17:28:27][Debug] : Performing backups...
[17:28:57][Debug] : Performing backups...
[17:29:27][Debug] : Performing backups...
[17:29:57][Debug] : Performing backups...
[17:30:27][Debug] : Performing backups...
[17:30:57][Debug] : Performing backups...
[17:31:27][Debug] : Performing backups...
[17:31:57][Debug] : Performing backups...
[17:32:27][Debug] : Performing backups...
[17:32:57][Debug] : Performing backups...
[17:33:27][Debug] : Performing backups...
[17:33:57][Debug] : Performing backups...
[17:34:27][Debug] : Performing backups...
[17:34:57][Debug] : Performing backups...
[17:35:27][Debug] : Performing backups...
[17:35:57][Debug] : Performing backups...
[17:36:27][Debug] : Performing backups...
[17:36:57][Debug] : Performing backups...
[17:37:27][Debug] : Performing backups...
[17:37:57][Debug] : Performing backups...
[17:38:27][Debug] : Performing backups...
[17:38:57][Debug] : Performing backups...
[17:39:27][Debug] : Performing backups...
[17:39:57][Debug] : Performing backups...
[17:40:27][Debug] : Performing backups...
[17:40:57][Debug] : Performing backups...
[17:41:27][Debug] : Performing backups...
[17:41:57][Debug] : Performing backups...
[17:42:27][Debug] : Performing backups...
[17:42:57][Debug] : Performing backups...
[17:43:27][Debug] : Performing backups...
[17:43:57][Debug] : Performing backups...
[17:44:27][Debug] : Performing backups...
[17:44:57][Debug] : Performing backups...
[17:45:27][Debug] : Performing backups...
[17:45:57][Debug] : Performing backups...
[17:46:27][Debug] : Performing backups...
[17:46:57][Debug] : Performing backups...
[17:47:27][Debug] : Performing backups...
[17:47:57][Debug] : Performing backups...
[17:48:27][Debug] : Performing backups...
[17:48:57][Debug] : Performing backups...
[17:49:27][Debug] : Performing backups...
[17:49:57][Debug] : Performing backups...
[17:50:27][Debug] : Performing backups...
[17:50:57][Debug] : Performing backups...
[17:51:27][Debug] : Performing backups...
[17:51:57][Debug] : Performing backups...
[17:52:27][Debug] : Performing backups...
[17:52:57][Debug] : Performing backups...
[17:53:27][Debug] : Performing backups...
[17:53:57][Debug] : Performing backups...
[17:54:27][Debug] : Performing backups...
[17:54:57][Debug] : Performing backups...
[17:55:27][Debug] : Performing backups...
[17:55:57][Debug] : Performing backups...
[17:56:27][Debug] : Performing backups...
[17:56:57][Debug] : Performing backups...
[17:57:27][Debug] : Performing backups...
[17:57:57][Debug] : Performing backups...
[17:58:27][Debug] : Performing backups...
[17:58:57][Debug] : Performing backups...
[17:59:27][Debug] : Performing backups...
[17:59:57][Debug] : Performing backups...
[18:00:27][Debug] : Performing backups...
[18:00:57][Debug] : Performing backups...
[18:01:27][Debug] : Performing backups...
[18:01:57][Debug] : Performing backups...
[18:02:27][Debug] : Performing backups...
[18:02:57][Debug] : Performing backups...
[18:03:27][Debug] : Performing backups...
[18:03:57][Debug] : Performing backups...
[18:04:27][Debug] : Performing backups...
[18:04:57][Debug] : Performing backups...
[18:05:27][Debug] : Performing backups...
[18:05:57][Debug] : Performing backups...
[18:06:27][Debug] : Performing backups...
[18:06:57][Debug] : Performing backups...
[18:07:27][Debug] : Performing backups...
[18:07:57][Debug] : Performing backups...
[18:08:27][Debug] : Performing backups...
[18:08:57][Debug] : Performing backups...
[18:09:27][Debug] : Performing backups...
[18:09:57][Debug] : Performing backups...
[18:10:27][Debug] : Performing backups...
[18:10:57][Debug] : Performing backups...
[18:11:27][Debug] : Performing backups...
[18:11:57][Debug] : Performing backups...
[18:12:27][Debug] : Performing backups...
[18:12:57][Debug] : Performing backups...
[18:13:27][Debug] : Performing backups...
[18:13:58][Debug] : Performing backups...
[18:14:28][Debug] : Performing backups...
[18:14:58][Debug] : Performing backups...
[18:15:28][Debug] : Performing backups...
[18:15:58][Debug] : Performing backups...
[18:16:28][Debug] : Performing backups...
[18:16:58][Debug] : Performing backups...
[18:17:28][Debug] : Performing backups...
[18:17:58][Debug] : Performing backups...
[18:18:28][Debug] : Performing backups...
[18:18:58][Debug] : Performing backups...
[18:19:28][Debug] : Performing backups...
[18:19:58][Debug] : Performing backups...
[18:20:28][Debug] : Performing backups...
[18:20:58][Debug] : Performing backups...
[18:21:28][Debug] : Performing backups...
[18:21:58][Debug] : Performing backups...
[18:22:28][Debug] : Performing backups...
[18:22:58][Debug] : Performing backups...
[18:23:28][Debug] : Performing backups...
[18:23:58][Debug] : Performing backups...
[18:24:28][Debug] : Performing backups...
[18:24:58][Debug] : Performing backups...
[18:25:28][Debug] : Performing backups...
[18:25:58][Debug] : Performing backups...
[18:26:28][Debug] : Performing backups...
[18:26:58][Debug] : Performing backups...
[18:27:28][Debug] : Performing backups...
[18:27:58][Debug] : Performing backups...
[18:28:28][Debug] : Performing backups...
[18:28:58][Debug] : Performing backups...
[18:29:28][Debug] : Performing backups...
[18:29:58][Debug] : Performing backups...
[18:30:28][Debug] : Performing backups...
[18:30:58][Debug] : Performing backups...
[18:31:28][Debug] : Performing backups...
[18:31:58][Debug] : Performing backups...
[18:32:28][Debug] : Performing backups...
[18:32:58][Debug] : Performing backups...
[18:33:28][Debug] : Performing backups...
[18:33:58][Debug] : Performing backups...
[18:34:28][Debug] : Performing backups...
[18:34:58][Debug] : Performing backups...
[18:35:28][Debug] : Performing backups...
[18:35:58][Debug] : Performing backups...
[18:36:28][Debug] : Performing backups...
[18:36:58][Debug] : Performing backups...
[18:37:28][Debug] : Performing backups...
[18:37:58][Debug] : Performing backups...
[18:38:28][Debug] : Performing backups...
[18:38:58][Debug] : Performing backups...
[18:39:28][Debug] : Performing backups...
[18:39:58][Debug] : Performing backups...
[18:40:28][Debug] : Performing backups...
[18:40:58][Debug] : Performing backups...
[18:41:28][Debug] : Performing backups...
[18:41:58][Debug] : Performing backups...
[18:42:28][Debug] : Performing backups...
[18:42:58][Debug] : Performing backups...
[18:43:28][Debug] : Performing backups...
[18:43:58][Debug] : Performing backups...
[18:44:28][Debug] : Performing backups...
[18:44:58][Debug] : Performing backups...
[18:45:28][Debug] : Performing backups...
[18:45:58][Debug] : Performing backups...
[18:46:28][Debug] : Performing backups...
[18:46:58][Debug] : Performing backups...
[18:47:28][Debug] : Performing backups...
[18:47:58][Debug] : Performing backups...
[18:48:28][Debug] : Performing backups...
[18:48:58][Debug] : Performing backups...
[18:49:28][Debug] : Performing backups...
[18:49:58][Debug] : Performing backups...
[18:50:28][Debug] : Performing backups...
[18:50:58][Debug] : Performing backups...
[18:51:28][Debug] : Performing backups...
[18:51:58][Debug] : Performing backups...
[18:52:28][Debug] : Performing backups...
[18:52:58][Debug] : Performing backups...
[18:53:28][Debug] : Performing backups...
[18:53:58][Debug] : Performing backups...
[18:54:28][Debug] : Performing backups...
[18:54:58][Debug] : Performing backups...
[18:55:28][Debug] : Performing backups...
[18:55:58][Debug] : Performing backups...
[18:56:28][Debug] : Performing backups...
[18:56:58][Debug] : Performing backups...
[18:57:28][Debug] : Performing backups...
[18:57:58][Debug] : Performing backups...
[18:58:28][Debug] : Performing backups...
[18:58:58][Debug] : Performing backups...
[18:59:28][Debug] : Performing backups...
[18:59:58][Debug] : Performing backups...
[19:00:28][Debug] : Performing backups...
[19:00:58][Debug] : Performing backups...
[19:01:28][Debug] : Performing backups...
[19:01:59][Debug] : Performing backups...
[19:02:29][Debug] : Performing backups...
[19:02:59][Debug] : Performing backups...
[19:03:29][Debug] : Performing backups...
[19:03:59][Debug] : Performing backups...
[19:04:29][Debug] : Performing backups...
[19:04:59][Debug] : Performing backups...
[19:05:29][Debug] : Performing backups...
[19:05:59][Debug] : Performing backups...
[19:06:29][Debug] : Performing backups...
[19:06:59][Debug] : Performing backups...
[19:07:29][Debug] : Performing backups...
[19:07:59][Debug] : Performing backups...
[19:08:29][Debug] : Performing backups...
[19:08:59][Debug] : Performing backups...
[19:09:29][Debug] : Performing backups...
[19:09:59][Debug] : Performing backups...
[19:10:29][Debug] : Performing backups...
[19:10:59][Debug] : Performing backups...
[19:11:29][Debug] : Performing backups...
[19:11:59][Debug] : Performing backups...
[19:12:29][Debug] : Performing backups...
[19:12:59][Debug] : Performing backups...
[19:13:29][Debug] : Performing backups...
[19:13:59][Debug] : Performing backups...
[19:14:29][Debug] : Performing backups...
[19:14:59][Debug] : Performing backups...
[19:15:29][Debug] : Performing backups...
[19:15:59][Debug] : Performing backups...
[19:16:29][Debug] : Performing backups...
[19:16:59][Debug] : Performing backups...
[19:17:29][Debug] : Performing backups...
[19:17:59][Debug] : Performing backups...
[19:18:29][Debug] : Performing backups...
[19:18:59][Debug] : Performing backups...
[19:19:29][Debug] : Performing backups...
[19:19:59][Debug] : Performing backups...
[19:20:29][Debug] : Performing backups...
[19:20:59][Debug] : Performing backups...
[19:21:29][Debug] : Performing backups...
[19:21:59][Debug] : Performing backups...
[19:22:29][Debug] : Performing backups...
[19:22:59][Debug] : Performing backups...
[19:23:29][Debug] : Performing backups...
[19:23:59][Debug] : Performing backups...
[19:24:29][Debug] : Performing backups...
[19:24:59][Debug] : Performing backups...
[19:25:29][Debug] : Performing backups...
[19:25:59][Debug] : Performing backups...
[19:26:29][Debug] : Performing backups...
[19:26:59][Debug] : Performing backups...
[19:27:29][Debug] : Performing backups...
[19:27:59][Debug] : Performing backups...
[19:28:29][Debug] : Performing backups...
[19:28:59][Debug] : Performing backups...
[19:29:29][Debug] : Performing backups...
[19:29:59][Debug] : Performing backups...
[19:30:29][Debug] : Performing backups...
[19:30:59][Debug] : Performing backups...
[19:31:29][Debug] : Performing backups...
[19:31:59][Debug] : Performing backups...
[19:32:29][Debug] : Performing backups...
[19:32:59][Debug] : Performing backups...
[19:33:29][Debug] : Performing backups...
[19:33:59][Debug] : Performing backups...
[19:34:29][Debug] : Performing backups...
[19:34:59][Debug] : Performing backups...
[19:35:29][Debug] : Performing backups...
[19:35:59][Debug] : Performing backups...
[19:36:29][Debug] : Performing backups...
[19:36:59][Debug] : Performing backups...
[19:37:29][Debug] : Performing backups...
[19:37:59][Debug] : Performing backups...
[19:38:29][Debug] : Performing backups...
[19:38:59][Debug] : Performing backups...
[19:39:29][Debug] : Performing backups...
[19:39:59][Debug] : Performing backups...
[19:40:29][Debug] : Performing backups...
[19:40:59][Debug] : Performing backups...
[19:41:29][Debug] : Performing backups...
[19:41:59][Debug] : Performing backups...
[19:42:29][Debug] : Performing backups...
[19:42:59][Debug] : Performing backups...
[19:43:29][Debug] : Performing backups...
[19:43:59][Debug] : Performing backups...
[19:44:29][Debug] : Performing backups...
[19:44:59][Debug] : Performing backups...
[19:45:29][Debug] : Performing backups...
[19:45:59][Debug] : Performing backups...
[19:46:29][Debug] : Performing backups...
[19:46:59][Debug] : Performing backups...
[19:47:29][Debug] : Performing backups...
[19:47:59][Debug] : Performing backups...
[19:48:29][Debug] : Performing backups...
[19:48:59][Debug] : Performing backups...
[19:49:29][Debug] : Performing backups...
[19:49:59][Debug] : Performing backups...
[19:50:29][Debug] : Performing backups...
[19:50:59][Debug] : Performing backups...
[19:51:29][Debug] : Performing backups...
[19:51:59][Debug] : Performing backups...
[19:52:29][Debug] : Performing backups...
[19:52:59][Debug] : Performing backups...
[19:53:29][Debug] : Performing backups...
[19:54:00][Debug] : Performing backups...
[19:54:30][Debug] : Performing backups...
[19:55:00][Debug] : Performing backups...
[19:55:30][Debug] : Performing backups...
[19:56:00][Debug] : Performing backups...
[19:56:30][Debug] : Performing backups...
[19:57:00][Debug] : Performing backups...
[19:57:30][Debug] : Performing backups...
[19:58:00][Debug] : Performing backups...
[19:58:30][Debug] : Performing backups...
[19:59:00][Debug] : Performing backups...
[19:59:30][Debug] : Performing backups...
[20:00:00][Debug] : Performing backups...
[20:00:30][Debug] : Performing backups...
[20:01:00][Debug] : Performing backups...
[20:01:30][Debug] : Performing backups...
[20:02:00][Debug] : Performing backups...
[20:02:30][Debug] : Performing backups...
[20:03:00][Debug] : Performing backups...
[20:03:30][Debug] : Performing backups...
[20:04:00][Debug] : Performing backups...
[20:04:30][Debug] : Performing backups...
[20:05:00][Debug] : Performing backups...
[20:05:30][Debug] : Performing backups...
[20:06:00][Debug] : Performing backups...
[20:06:30][Debug] : Performing backups...
[20:07:00][Debug] : Performing backups...
[20:07:30][Debug] : Performing backups...
[20:08:00][Debug] : Performing backups...
[20:08:30][Debug] : Performing backups...
[20:09:00][Debug] : Performing backups...
[20:09:30][Debug] : Performing backups...
[20:10:00][Debug] : Performing backups...
[20:10:30][Debug] : Performing backups...
[20:11:00][Debug] : Performing backups...
[20:11:30][Debug] : Performing backups...
[20:12:00][Debug] : Performing backups...
[20:12:30][Debug] : Performing backups...
[20:13:00][Debug] : Performing backups...
[20:13:30][Debug] : Performing backups...
[20:14:00][Debug] : Performing backups...
[20:14:30][Debug] : Performing backups...
[20:15:00][Debug] : Performing backups...
[20:15:30][Debug] : Performing backups...
[20:16:00][Debug] : Performing backups...
[20:16:30][Debug] : Performing backups...
[20:17:00][Debug] : Performing backups...
[20:17:30][Debug] : Performing backups...
[20:18:00][Debug] : Performing backups...
[20:18:30][Debug] : Performing backups...
[20:19:00][Debug] : Performing backups...
[20:19:30][Debug] : Performing backups...
[20:20:00][Debug] : Performing backups...
[20:20:30][Debug] : Performing backups...
[20:21:00][Debug] : Performing backups...
[20:21:30][Debug] : Performing backups...
[20:22:00][Debug] : Performing backups...
[20:22:30][Debug] : Performing backups...
[20:23:00][Debug] : Performing backups...
[20:23:30][Debug] : Performing backups...
[20:24:00][Debug] : Performing backups...
[20:24:30][Debug] : Performing backups...
[20:25:00][Debug] : Performing backups...
[20:25:30][Debug] : Performing backups...
[20:26:00][Debug] : Performing backups...
[20:26:30][Debug] : Performing backups...
[20:27:00][Debug] : Performing backups...
[20:27:30][Debug] : Performing backups...
[20:28:00][Debug] : Performing backups...
[20:28:30][Debug] : Performing backups...
[20:29:00][Debug] : Performing backups...
[20:29:30][Debug] : Performing backups...
[20:30:00][Debug] : Performing backups...
[20:30:30][Debug] : Performing backups...
[20:31:00][Debug] : Performing backups...
[20:31:30][Debug] : Performing backups...
[20:32:00][Debug] : Performing backups...
[20:32:30][Debug] : Performing backups...
[20:33:00][Debug] : Performing backups...
[20:33:30][Debug] : Performing backups...
[20:34:00][Debug] : Performing backups...
[20:34:30][Debug] : Performing backups...
[20:35:00][Debug] : Performing backups...
[20:35:30][Debug] : Performing backups...
[20:36:00][Debug] : Performing backups...
[20:36:30][Debug] : Performing backups...
[20:37:00][Debug] : Performing backups...
[20:37:30][Debug] : Performing backups...
[20:38:00][Debug] : Performing backups...
[20:38:30][Debug] : Performing backups...
[20:39:00][Debug] : Performing backups...
[20:39:30][Debug] : Performing backups...
[20:40:00][Debug] : Performing backups...
[20:40:30][Debug] : Performing backups...
[20:41:00][Debug] : Performing backups...
[20:41:30][Debug] : Performing backups...
[20:42:01][Debug] : Performing backups...
[20:42:31][Debug] : Performing backups...
[20:43:01][Debug] : Performing backups...
[20:43:31][Debug] : Performing backups...
[20:44:01][Debug] : Performing backups...
[20:44:31][Debug] : Performing backups...
[20:45:01][Debug] : Performing backups...
[20:45:31][Debug] : Performing backups...
[20:46:01][Debug] : Performing backups...
[20:46:31][Debug] : Performing backups...
[20:47:01][Debug] : Performing backups...
[20:47:31][Debug] : Performing backups...
[20:48:01][Debug] : Performing backups...
[20:48:31][Debug] : Performing backups...
[20:49:01][Debug] : Performing backups...
[20:49:31][Debug] : Performing backups...
[20:50:01][Debug] : Performing backups...
[20:50:31][Debug] : Performing backups...
[20:51:01][Debug] : Performing backups...
[20:51:31][Debug] : Performing backups...
[20:52:01][Debug] : Performing backups...
[20:52:31][Debug] : Performing backups...
[20:53:01][Debug] : Performing backups...
[20:53:31][Debug] : Performing backups...
[20:54:01][Debug] : Performing backups...
[20:54:31][Debug] : Performing backups...
[20:55:01][Debug] : Performing backups...
[20:55:31][Debug] : Performing backups...
[20:56:01][Debug] : Performing backups...
[20:56:31][Debug] : Performing backups...
[20:57:01][Debug] : Performing backups...
[20:57:31][Debug] : Performing backups...
[20:58:01][Debug] : Performing backups...
[20:58:31][Debug] : Performing backups...
[20:59:01][Debug] : Performing backups...
[20:59:31][Debug] : Performing backups...
[21:00:01][Debug] : Performing backups...
[21:00:31][Debug] : Performing backups...
[21:01:01][Debug] : Performing backups...
[21:01:31][Debug] : Performing backups...
[21:02:01][Debug] : Performing backups...
[21:02:31][Debug] : Performing backups...
[21:03:01][Debug] : Performing backups...
[21:03:31][Debug] : Performing backups...
[21:04:01][Debug] : Performing backups...
[21:04:31][Debug] : Performing backups...
[21:05:01][Debug] : Performing backups...
[21:05:31][Debug] : Performing backups...
[21:06:01][Debug] : Performing backups...
[21:06:31][Debug] : Performing backups...
[21:07:01][Debug] : Performing backups...
[21:07:31][Debug] : Performing backups...
[21:08:01][Debug] : Performing backups...
[21:08:31][Debug] : Performing backups...
[21:09:01][Debug] : Performing backups...
[21:09:31][Debug] : Performing backups...
[21:10:01][Debug] : Performing backups...
[21:10:31][Debug] : Performing backups...
[21:11:01][Debug] : Performing backups...
[21:11:31][Debug] : Performing backups...
[21:12:01][Debug] : Performing backups...
[21:12:31][Debug] : Performing backups...
[21:13:01][Debug] : Performing backups...
[21:13:31][Debug] : Performing backups...
[21:14:01][Debug] : Performing backups...
[21:14:31][Debug] : Performing backups...
[21:15:01][Debug] : Performing backups...
[21:15:31][Debug] : Performing backups...
[21:16:01][Debug] : Performing backups...
[21:16:31][Debug] : Performing backups...
[21:17:01][Debug] : Performing backups...
[21:17:31][Debug] : Performing backups...
[21:18:01][Debug] : Performing backups...
[21:18:31][Debug] : Performing backups...
[21:19:01][Debug] : Performing backups...
[21:19:31][Debug] : Performing backups...
[21:20:01][Debug] : Performing backups...
[21:20:31][Debug] : Performing backups...
[21:21:01][Debug] : Performing backups...
[21:21:31][Debug] : Performing backups...
[21:22:01][Debug] : Performing backups...
[21:22:31][Debug] : Performing backups...
[21:23:01][Debug] : Performing backups...
[21:23:31][Debug] : Performing backups...
[21:24:01][Debug] : Performing backups...
[21:24:31][Debug] : Performing backups...
[21:25:01][Debug] : Performing backups...
[21:25:31][Debug] : Performing backups...
[21:26:01][Debug] : Performing backups...
[21:26:31][Debug] : Performing backups...
[21:27:01][Debug] : Performing backups...
[21:27:31][Debug] : Performing backups...
[21:28:01][Debug] : Performing backups...
[21:28:31][Debug] : Performing backups...
[21:29:01][Debug] : Performing backups...
[21:29:31][Debug] : Performing backups...
[21:30:02][Debug] : Performing backups...
[21:30:32][Debug] : Performing backups...
[21:31:02][Debug] : Performing backups...
[21:31:32][Debug] : Performing backups...
[21:32:02][Debug] : Performing backups...
[21:32:32][Debug] : Performing backups...
[21:33:02][Debug] : Performing backups...
[21:33:32][Debug] : Performing backups...
[21:34:02][Debug] : Performing backups...
[21:34:32][Debug] : Performing backups...
[21:35:02][Debug] : Performing backups...
[21:35:32][Debug] : Performing backups...
[21:36:02][Debug] : Performing backups...
[21:36:32][Debug] : Performing backups...
[21:37:02][Debug] : Performing backups...
[21:37:32][Debug] : Performing backups...
[21:38:02][Debug] : Performing backups...
[21:38:32][Debug] : Performing backups...
[21:39:02][Debug] : Performing backups...
[21:39:32][Debug] : Performing backups...
[21:40:02][Debug] : Performing backups...
[21:40:32][Debug] : Performing backups...
[21:41:02][Debug] : Performing backups...
[21:41:32][Debug] : Performing backups...
[21:42:02][Debug] : Performing backups...
[21:42:32][Debug] : Performing backups...
[21:43:02][Debug] : Performing backups...
[21:43:32][Debug] : Performing backups...
[21:44:02][Debug] : Performing backups...
[21:44:32][Debug] : Performing backups...
[21:45:02][Debug] : Performing backups...
[21:45:32][Debug] : Performing backups...
[21:46:02][Debug] : Performing backups...
[21:46:32][Debug] : Performing backups...
[21:47:02][Debug] : Performing backups...
[21:47:32][Debug] : Performing backups...
[21:48:02][Debug] : Performing backups...
[21:48:32][Debug] : Performing backups...
[21:49:02][Debug] : Performing backups...
[21:49:32][Debug] : Performing backups...
[21:50:02][Debug] : Performing backups...
[21:50:32][Debug] : Performing backups...
[21:51:02][Debug] : Performing backups...
[21:51:32][Debug] : Performing backups...
[21:52:02][Debug] : Performing backups...
[21:52:32][Debug] : Performing backups...
[21:53:02][Debug] : Performing backups...
[21:53:32][Debug] : Performing backups...
[21:54:02][Debug] : Performing backups...
[21:54:32][Debug] : Performing backups...
[21:55:02][Debug] : Performing backups...
[21:55:32][Debug] : Performing backups...
[21:56:02][Debug] : Performing backups...
[21:56:32][Debug] : Performing backups...
[21:57:02][Debug] : Performing backups...
[21:57:32][Debug] : Performing backups...
[21:58:02][Debug] : Performing backups...
[21:58:32][Debug] : Performing backups...
[21:59:02][Debug] : Performing backups...
[21:59:32][Debug] : Performing backups...
[22:00:02][Debug] : Performing backups...
[22:00:32][Debug] : Performing backups...
[22:01:02][Debug] : Performing backups...
[22:01:32][Debug] : Performing backups...
[22:02:02][Debug] : Performing backups...
[22:02:32][Debug] : Performing backups...
[22:03:02][Debug] : Performing backups...
[22:03:32][Debug] : Performing backups...
[22:04:02][Debug] : Performing backups...
[22:04:32][Debug] : Performing backups...
[22:05:02][Debug] : Performing backups...
[22:05:32][Debug] : Performing backups...
[22:06:02][Debug] : Performing backups...
[22:06:32][Debug] : Performing backups...
[22:07:02][Debug] : Performing backups...
[22:07:32][Debug] : Performing backups...
[22:08:02][Debug] : Performing backups...
[22:08:32][Debug] : Performing backups...
[22:09:02][Debug] : Performing backups...
[22:09:32][Debug] : Performing backups...
[22:10:02][Debug] : Performing backups...
[22:10:32][Debug] : Performing backups...
[22:11:02][Debug] : Performing backups...
[22:11:32][Debug] : Performing backups...
[22:12:02][Debug] : Performing backups...
[22:12:32][Debug] : Performing backups...
[22:13:02][Debug] : Performing backups...
[22:13:32][Debug] : Performing backups...
[22:14:02][Debug] : Performing backups...
[22:14:32][Debug] : Performing backups...
[22:15:02][Debug] : Performing backups...
[22:15:32][Debug] : Performing backups...
[22:16:03][Debug] : Performing backups...
[22:16:33][Debug] : Performing backups...
[22:17:03][Debug] : Performing backups...
[22:17:33][Debug] : Performing backups...
[22:18:03][Debug] : Performing backups...
[22:18:33][Debug] : Performing backups...
[22:19:03][Debug] : Performing backups...
[22:19:33][Debug] : Performing backups...
[22:20:03][Debug] : Performing backups...
[22:20:33][Debug] : Performing backups...
[22:21:03][Debug] : Performing backups...
[22:21:33][Debug] : Performing backups...
[22:22:03][Debug] : Performing backups...
[22:22:33][Debug] : Performing backups...
[22:23:03][Debug] : Performing backups...
[22:23:33][Debug] : Performing backups...
[22:24:03][Debug] : Performing backups...
[22:24:33][Debug] : Performing backups...
[22:25:03][Debug] : Performing backups...
[22:25:33][Debug] : Performing backups...
[22:26:03][Debug] : Performing backups...
[22:26:33][Debug] : Performing backups...
[22:27:03][Debug] : Performing backups...
[22:27:33][Debug] : Performing backups...
[22:28:03][Debug] : Performing backups...
[22:28:33][Debug] : Performing backups...
[22:29:03][Debug] : Performing backups...
[22:29:33][Debug] : Performing backups...
[22:30:03][Debug] : Performing backups...
[22:30:33][Debug] : Performing backups...
[22:31:03][Debug] : Performing backups...
[22:31:33][Debug] : Performing backups...
[22:32:03][Debug] : Performing backups...
[22:32:33][Debug] : Performing backups...
[22:33:03][Debug] : Performing backups...
[22:33:33][Debug] : Performing backups...
[22:34:03][Debug] : Performing backups...
[22:34:33][Debug] : Performing backups...
[22:35:03][Debug] : Performing backups...
[22:35:33][Debug] : Performing backups...
[22:36:03][Debug] : Performing backups...
[22:36:33][Debug] : Performing backups...
[22:37:03][Debug] : Performing backups...
[22:37:33][Debug] : Performing backups...
[22:38:03][Debug] : Performing backups...
[22:38:33][Debug] : Performing backups...
[22:39:03][Debug] : Performing backups...
[22:39:33][Debug] : Performing backups...
[22:40:03][Debug] : Performing backups...
[22:40:33][Debug] : Performing backups...
[22:41:03][Debug] : Performing backups...
[22:41:33][Debug] : Performing backups...
[22:42:03][Debug] : Performing backups...
[22:42:33][Debug] : Performing backups...
[22:43:03][Debug] : Performing backups...
[22:43:33][Debug] : Performing backups...
[22:44:03][Debug] : Performing backups...
[22:44:33][Debug] : Performing backups...
[22:45:03][Debug] : Performing backups...
[22:45:33][Debug] : Performing backups...
[22:46:03][Debug] : Performing backups...
[22:46:33][Debug] : Performing backups...
[22:47:03][Debug] : Performing backups...
[22:47:33][Debug] : Performing backups...
[22:48:03][Debug] : Performing backups...
[22:48:33][Debug] : Performing backups...
[22:49:03][Debug] : Performing backups...
[22:49:33][Debug] : Performing backups...
[22:50:03][Debug] : Performing backups...
[22:50:33][Debug] : Performing backups...
[22:51:03][Debug] : Performing backups...
[22:51:33][Debug] : Performing backups...
[22:52:03][Debug] : Performing backups...
[22:52:33][Debug] : Performing backups...
[22:53:03][Debug] : Performing backups...
[22:53:33][Debug] : Performing backups...
[22:54:03][Debug] : Performing backups...
[22:54:33][Debug] : Performing backups...
[22:55:03][Debug] : Performing backups...
[22:55:33][Debug] : Performing backups...
[22:56:03][Debug] : Performing backups...
[22:56:33][Debug] : Performing backups...
[22:57:03][Debug] : Performing backups...
[22:57:33][Debug] : Performing backups...
[22:58:03][Debug] : Performing backups...
[22:58:33][Debug] : Performing backups...
[22:59:03][Debug] : Performing backups...
[22:59:33][Debug] : Performing backups...
[23:00:03][Debug] : Performing backups...
[23:00:33][Debug] : Performing backups...
[23:01:03][Debug] : Performing backups...
[23:01:33][Debug] : Performing backups...
[23:02:03][Debug] : Performing backups...
[23:02:33][Debug] : Performing backups...
[23:03:03][Debug] : Performing backups...
[23:03:33][Debug] : Performing backups...
[23:04:03][Debug] : Performing backups...
[23:04:33][Debug] : Performing backups...
[23:05:03][Debug] : Performing backups...
[23:05:33][Debug] : Performing backups...
[23:06:03][Debug] : Performing backups...
[23:06:33][Debug] : Performing backups...
[23:07:03][Debug] : Performing backups...
[23:07:33][Debug] : Performing backups...
[23:08:04][Debug] : Performing backups...
[23:08:34][Debug] : Performing backups...
[23:09:04][Debug] : Performing backups...
[23:09:34][Debug] : Performing backups...
[23:10:04][Debug] : Performing backups...
[23:10:34][Debug] : Performing backups...
[23:11:04][Debug] : Performing backups...
[23:11:34][Debug] : Performing backups...
[23:12:04][Debug] : Performing backups...
[23:12:34][Debug] : Performing backups...
[23:13:04][Debug] : Performing backups...
[23:13:34][Debug] : Performing backups...
[23:14:04][Debug] : Performing backups...
[23:14:34][Debug] : Performing backups...
[23:15:04][Debug] : Performing backups...
[23:15:34][Debug] : Performing backups...
[23:16:04][Debug] : Performing backups...
[23:16:34][Debug] : Performing backups...
[23:17:04][Debug] : Performing backups...
[23:17:34][Debug] : Performing backups...
[23:18:04][Debug] : Performing backups...
[23:18:34][Debug] : Performing backups...
[23:19:04][Debug] : Performing backups...
[23:19:34][Debug] : Performing backups...
[23:20:04][Debug] : Performing backups...
[23:20:34][Debug] : Performing backups...
[23:21:04][Debug] : Performing backups...
[23:21:34][Debug] : Performing backups...
[23:22:04][Debug] : Performing backups...
[23:22:34][Debug] : Performing backups...
[23:23:04][Debug] : Performing backups...
[23:23:34][Debug] : Performing backups...
[23:24:04][Debug] : Performing backups...
[23:24:34][Debug] : Performing backups...
[23:25:04][Debug] : Performing backups...
[23:25:34][Debug] : Performing backups...
[23:26:04][Debug] : Performing backups...
[23:26:34][Debug] : Performing backups...
[23:27:04][Debug] : Performing backups...
[23:27:34][Debug] : Performing backups...
[23:28:04][Debug] : Performing backups...
[23:28:34][Debug] : Performing backups...
[23:29:04][Debug] : Performing backups...
[23:29:34][Debug] : Performing backups...
[23:30:04][Debug] : Performing backups...
[23:30:34][Debug] : Performing backups...
[23:31:04][Debug] : Performing backups...
[23:31:34][Debug] : Performing backups...
[23:32:04][Debug] : Performing backups...
[23:32:34][Debug] : Performing backups...
[23:33:04][Debug] : Performing backups...
[23:33:34][Debug] : Performing backups...
[23:34:04][Debug] : Performing backups...
[23:34:34][Debug] : Performing backups...
[23:35:04][Debug] : Performing backups...
[23:35:34][Debug] : Performing backups...
[23:36:04][Debug] : Performing backups...
[23:36:34][Debug] : Performing backups...
[23:37:04][Debug] : Performing backups...
[23:37:34][Debug] : Performing backups...
[23:38:04][Debug] : Performing backups...
[23:38:34][Debug] : Performing backups...
[23:39:04][Debug] : Performing backups...
[23:39:34][Debug] : Performing backups...
[23:40:04][Debug] : Performing backups...
[23:40:34][Debug] : Performing backups...
[23:41:04][Debug] : Performing backups...
[23:41:34][Debug] : Performing backups...
[23:42:04][Debug] : Performing backups...
[23:42:34][Debug] : Performing backups...
[23:43:04][Debug] : Performing backups...
[23:43:34][Debug] : Performing backups...
[23:44:04][Debug] : Performing backups...
[23:44:34][Debug] : Performing backups...
[23:45:04][Debug] : Performing backups...
[23:45:34][Debug] : Performing backups...
[23:46:04][Debug] : Performing backups...
[23:46:34][Debug] : Performing backups...
[23:47:04][Debug] : Performing backups...
[23:47:34][Debug] : Performing backups...
[23:48:04][Debug] : Performing backups...
[23:48:34][Debug] : Performing backups...
[23:49:04][Debug] : Performing backups...
[23:49:34][Debug] : Performing backups...
[23:50:04][Debug] : Performing backups...
[23:50:34][Debug] : Performing backups...
[23:51:04][Debug] : Performing backups...
[23:51:34][Debug] : Performing backups...
[23:52:04][Debug] : Performing backups...
[23:52:34][Debug] : Performing backups...
[23:53:04][Debug] : Performing backups...
[23:53:34][Debug] : Performing backups...
[23:54:04][Debug] : Performing backups...
[23:54:34][Debug] : Performing backups...
[23:55:04][Debug] : Performing backups...
[23:55:34][Debug] : Performing backups...
[23:56:04][Debug] : Performing backups...
[23:56:34][Debug] : Performing backups...
[23:57:04][Debug] : Performing backups...
[23:57:34][Debug] : Performing backups...
[23:58:04][Debug] : Performing backups...
[23:58:34][Debug] : Performing backups...
[23:59:04][Debug] : Performing backups...
[23:59:34][Debug] : Performing backups...
[00:00:04][Debug] : Performing backups...
[00:00:34][Debug] : Performing backups...
