[14:19:38][Info] : Luna Server version: 0.12.49 (D:\Games\KSP\Luna\LMPServer)
[14:19:38][Debug] : Loading universe... 
[14:19:38][Info] : Creating file Jebediah Kerman.txt
[14:19:38][Info] : Creating file Bill Kerman.txt
[14:19:38][Info] : Creating file Bob Kerman.txt
[14:19:38][Info] : Creating file Valentina Kerman.txt
[14:19:38][Debug] : Loading groups...
[14:19:38][Debug] : Loading settings...
[14:19:38][Info] : Creating file CommNetScenario.xml
[14:19:38][Info] : Creating file PartUpgradeManager.xml
[14:19:38][Info] : Creating file ProgressTracking.xml
[14:19:38][Info] : Creating file ResourceScenario.xml
[14:19:38][Info] : Creating file ScenarioAchievements.xml
[14:19:38][Info] : Creating file ScenarioDestructibles.xml
[14:19:38][Info] : Creating file SentinelScenario.xml
[14:19:38][Info] : Creating file VesselRecovery.xml
[14:19:38][Info] : Creating file ScenarioNewGameIntro.xml
[14:19:38][Info] : Creating file ResearchAndDevelopment.xml
[14:19:38][Debug] : Loading plugins...
[14:19:38][Debug] : Creating new subspace file
[14:19:38][Info] : Starting 'Lapis's Luna Server' on Port 8800... 
[14:19:41][Debug] : UPnP active. Port: 8800 Udp opened!
[14:19:41][Debug] : UPnP + Website active. Port: 8088 Tcp opened!
[14:19:42][Debug] : Performing backups...
[14:19:42][Info] : All systems up and running. Поехали!
[14:19:42][Info] : Registering with master servers...
[14:19:47][Info] : Exiting... Please wait until all threads are finished
[14:19:47][Debug] : UPnP active. Port: 8800 Udp closed!
[14:19:49][Debug] : UPnP + Website active. Port: 8088 Tcp closed!
