[17:09:52][Warning] : Remember! Quit the server by using Control+C so the vessels are saved to the hard drive!
[17:09:52][Info] : Luna Server version: 0.12.49 (/home/servers/lmp/LapisLMPServer)
[17:09:52][Debug] : Loading universe... 
[17:09:52][Debug] : Loading groups...
[17:09:52][Debug] : Loading settings...
[17:09:52][Debug] : Loading plugins...
[17:09:52][Info] : Starting 'Lapis's Luna Server' on Port 8800... 
[17:09:57][Debug] : Performing backups...
[17:09:57][Info] : All systems up and running. Поехали!
[17:09:57][Info] : Registering with master servers...
[17:10:27][Debug] : Performing backups...
[17:10:58][Debug] : Performing backups...
[17:11:28][Debug] : Performing backups...
[17:11:58][Debug] : Performing backups...
[17:12:28][Debug] : Performing backups...
[17:12:58][Debug] : Performing backups...
[17:13:28][Debug] : Performing backups...
[17:13:58][Debug] : Performing backups...
[17:14:28][Debug] : Performing backups...
[17:14:58][Debug] : Performing backups...
[17:15:28][Debug] : Performing backups...
[17:15:58][Debug] : Performing backups...
[17:16:28][Debug] : Performing backups...
[17:16:58][Debug] : Performing backups...
[17:17:28][Debug] : Performing backups...
[17:17:58][Debug] : Performing backups...
[17:18:28][Debug] : Performing backups...
[17:18:58][Debug] : Performing backups...
[17:19:28][Debug] : Performing backups...
[17:19:58][Debug] : Performing backups...
[17:20:28][Debug] : Performing backups...
[17:20:58][Debug] : Performing backups...
[17:21:28][Debug] : Performing backups...
[17:21:58][Debug] : Performing backups...
[17:22:28][Debug] : Performing backups...
[17:22:58][Debug] : Performing backups...
[17:23:28][Debug] : Performing backups...
[17:23:58][Debug] : Performing backups...
[17:24:28][Debug] : Performing backups...
[17:24:58][Debug] : Performing backups...
[17:25:28][Debug] : Performing backups...
[17:25:58][Debug] : Performing backups...
[17:26:28][Debug] : Performing backups...
[17:26:58][Debug] : Performing backups...
[17:27:28][Debug] : Performing backups...
[17:27:58][Debug] : Performing backups...
[17:28:28][Debug] : Performing backups...
[17:28:58][Debug] : Performing backups...
[17:29:28][Debug] : Performing backups...
[17:29:58][Debug] : Performing backups...
[17:30:28][Debug] : Performing backups...
[17:30:58][Debug] : Performing backups...
[17:31:28][Debug] : Performing backups...
[17:31:58][Debug] : Performing backups...
[17:32:28][Debug] : Performing backups...
[17:32:58][Debug] : Performing backups...
[17:33:28][Debug] : Performing backups...
[17:33:58][Debug] : Performing backups...
[17:34:28][Debug] : Performing backups...
[17:34:58][Debug] : Performing backups...
[17:35:28][Debug] : Performing backups...
[17:35:58][Debug] : Performing backups...
[17:36:28][Debug] : Performing backups...
[17:36:58][Debug] : Performing backups...
[17:37:28][Debug] : Performing backups...
[17:37:58][Debug] : Performing backups...
[17:38:28][Debug] : Performing backups...
[17:38:58][Debug] : Performing backups...
[17:39:28][Debug] : Performing backups...
[17:39:58][Debug] : Performing backups...
[17:40:28][Debug] : Performing backups...
[17:40:58][Debug] : Performing backups...
[17:41:28][Debug] : Performing backups...
[17:41:58][Debug] : Performing backups...
[17:42:28][Debug] : Performing backups...
[17:42:58][Debug] : Performing backups...
[17:43:28][Debug] : Performing backups...
[17:43:58][Debug] : Performing backups...
[17:44:28][Debug] : Performing backups...
[17:44:58][Debug] : Performing backups...
[17:45:28][Debug] : Performing backups...
[17:45:58][Debug] : Performing backups...
[17:46:28][Debug] : Performing backups...
[17:46:58][Debug] : Performing backups...
[17:47:28][Debug] : Performing backups...
[17:47:58][Debug] : Performing backups...
[17:48:28][Debug] : Performing backups...
[17:48:58][Debug] : Performing backups...
[17:49:28][Debug] : Performing backups...
[17:49:58][Debug] : Performing backups...
[17:50:28][Debug] : Performing backups...
[17:50:58][Debug] : Performing backups...
[17:51:28][Debug] : Performing backups...
[17:51:58][Debug] : Performing backups...
[17:52:28][Debug] : Performing backups...
[17:52:58][Debug] : Performing backups...
[17:53:28][Debug] : Performing backups...
[17:53:58][Debug] : Performing backups...
[17:54:28][Debug] : Performing backups...
[17:54:58][Debug] : Performing backups...
[17:55:28][Debug] : Performing backups...
[17:55:58][Debug] : Performing backups...
[17:56:28][Debug] : Performing backups...
[17:56:58][Debug] : Performing backups...
[17:57:28][Debug] : Performing backups...
[17:57:58][Debug] : Performing backups...
[17:58:28][Debug] : Performing backups...
[17:58:58][Debug] : Performing backups...
[17:59:28][Debug] : Performing backups...
[17:59:58][Debug] : Performing backups...
[18:00:28][Debug] : Performing backups...
[18:00:58][Debug] : Performing backups...
[18:01:28][Debug] : Performing backups...
[18:01:58][Debug] : Performing backups...
[18:02:28][Debug] : Performing backups...
[18:02:58][Debug] : Performing backups...
[18:03:28][Debug] : Performing backups...
[18:03:58][Debug] : Performing backups...
[18:04:28][Debug] : Performing backups...
[18:04:58][Debug] : Performing backups...
[18:05:28][Debug] : Performing backups...
[18:05:58][Debug] : Performing backups...
[18:06:28][Debug] : Performing backups...
[18:06:58][Debug] : Performing backups...
[18:07:28][Debug] : Performing backups...
[18:07:58][Debug] : Performing backups...
[18:08:28][Debug] : Performing backups...
[18:08:58][Debug] : Performing backups...
[18:09:28][Debug] : Performing backups...
[18:09:58][Debug] : Performing backups...
[18:10:28][Debug] : Performing backups...
[18:10:58][Debug] : Performing backups...
[18:11:28][Debug] : Performing backups...
[18:11:58][Debug] : Performing backups...
[18:12:28][Debug] : Performing backups...
[18:12:58][Debug] : Performing backups...
[18:13:28][Debug] : Performing backups...
[18:13:58][Debug] : Performing backups...
[18:14:28][Debug] : Performing backups...
[18:14:58][Debug] : Performing backups...
[18:15:28][Debug] : Performing backups...
[18:15:58][Debug] : Performing backups...
[18:16:28][Debug] : Performing backups...
[18:16:58][Debug] : Performing backups...
[18:17:28][Debug] : Performing backups...
[18:17:58][Debug] : Performing backups...
[18:18:28][Debug] : Performing backups...
[18:18:58][Debug] : Performing backups...
[18:19:28][Debug] : Performing backups...
[18:19:58][Debug] : Performing backups...
[18:20:28][Debug] : Performing backups...
[18:20:58][Debug] : Performing backups...
[18:21:28][Debug] : Performing backups...
[18:21:58][Debug] : Performing backups...
[18:22:29][Debug] : Performing backups...
[18:22:59][Debug] : Performing backups...
[18:23:29][Debug] : Performing backups...
[18:23:59][Debug] : Performing backups...
[18:24:29][Debug] : Performing backups...
[18:24:59][Debug] : Performing backups...
[18:25:29][Debug] : Performing backups...
[18:25:59][Debug] : Performing backups...
[18:26:29][Debug] : Performing backups...
[18:26:59][Debug] : Performing backups...
[18:27:29][Debug] : Performing backups...
[18:27:59][Debug] : Performing backups...
[18:28:29][Debug] : Performing backups...
[18:28:59][Debug] : Performing backups...
[18:29:29][Debug] : Performing backups...
[18:29:59][Debug] : Performing backups...
[18:30:29][Debug] : Performing backups...
[18:30:59][Debug] : Performing backups...
[18:31:29][Debug] : Performing backups...
[18:31:59][Debug] : Performing backups...
[18:32:29][Debug] : Performing backups...
[18:32:59][Debug] : Performing backups...
[18:33:29][Debug] : Performing backups...
[18:33:59][Debug] : Performing backups...
[18:34:29][Debug] : Performing backups...
[18:34:59][Debug] : Performing backups...
[18:35:29][Debug] : Performing backups...
[18:35:59][Debug] : Performing backups...
[18:36:29][Debug] : Performing backups...
[18:36:59][Debug] : Performing backups...
[18:37:29][Debug] : Performing backups...
[18:37:59][Debug] : Performing backups...
[18:38:29][Debug] : Performing backups...
[18:38:59][Debug] : Performing backups...
[18:39:29][Debug] : Performing backups...
[18:39:59][Debug] : Performing backups...
[18:40:29][Debug] : Performing backups...
[18:40:59][Debug] : Performing backups...
[18:41:29][Debug] : Performing backups...
[18:41:59][Debug] : Performing backups...
[18:42:29][Debug] : Performing backups...
[18:42:59][Debug] : Performing backups...
[18:43:29][Debug] : Performing backups...
[18:43:59][Debug] : Performing backups...
[18:44:29][Debug] : Performing backups...
[18:44:59][Debug] : Performing backups...
[18:45:29][Debug] : Performing backups...
[18:45:59][Debug] : Performing backups...
[18:46:29][Debug] : Performing backups...
[18:46:59][Debug] : Performing backups...
[18:47:29][Debug] : Performing backups...
[18:47:59][Debug] : Performing backups...
[18:48:29][Debug] : Performing backups...
[18:48:59][Debug] : Performing backups...
[18:49:29][Debug] : Performing backups...
[18:49:59][Debug] : Performing backups...
[18:50:29][Debug] : Performing backups...
[18:50:59][Debug] : Performing backups...
[18:51:29][Debug] : Performing backups...
[18:51:59][Debug] : Performing backups...
[18:52:29][Debug] : Performing backups...
[18:52:59][Debug] : Performing backups...
[18:53:29][Debug] : Performing backups...
[18:53:59][Debug] : Performing backups...
[18:54:29][Debug] : Performing backups...
[18:54:59][Debug] : Performing backups...
[18:55:29][Debug] : Performing backups...
[18:55:59][Debug] : Performing backups...
[18:56:29][Debug] : Performing backups...
[18:56:59][Debug] : Performing backups...
[18:57:29][Debug] : Performing backups...
[18:57:59][Debug] : Performing backups...
[18:58:29][Debug] : Performing backups...
[18:58:59][Debug] : Performing backups...
[18:59:29][Debug] : Performing backups...
[18:59:59][Debug] : Performing backups...
[19:00:29][Debug] : Performing backups...
[19:00:59][Debug] : Performing backups...
[19:01:29][Debug] : Performing backups...
[19:01:59][Debug] : Performing backups...
[19:02:29][Debug] : Performing backups...
[19:02:59][Debug] : Performing backups...
[19:03:29][Debug] : Performing backups...
[19:03:59][Debug] : Performing backups...
[19:04:29][Debug] : Performing backups...
[19:04:59][Debug] : Performing backups...
[19:05:29][Debug] : Performing backups...
[19:05:59][Debug] : Performing backups...
[19:06:29][Debug] : Performing backups...
[19:06:59][Debug] : Performing backups...
[19:07:29][Debug] : Performing backups...
[19:07:59][Debug] : Performing backups...
[19:08:29][Debug] : Performing backups...
[19:08:59][Debug] : Performing backups...
[19:09:29][Debug] : Performing backups...
[19:09:59][Debug] : Performing backups...
[19:10:29][Debug] : Performing backups...
[19:10:59][Debug] : Performing backups...
[19:11:29][Debug] : Performing backups...
[19:11:59][Debug] : Performing backups...
[19:12:29][Debug] : Performing backups...
[19:12:59][Debug] : Performing backups...
[19:13:29][Debug] : Performing backups...
[19:13:59][Debug] : Performing backups...
[19:14:29][Debug] : Performing backups...
[19:14:59][Debug] : Performing backups...
[19:15:29][Debug] : Performing backups...
[19:15:59][Debug] : Performing backups...
[19:16:29][Debug] : Performing backups...
[19:16:59][Debug] : Performing backups...
[19:17:29][Debug] : Performing backups...
[19:17:59][Debug] : Performing backups...
[19:18:29][Debug] : Performing backups...
[19:18:59][Debug] : Performing backups...
[19:19:29][Debug] : Performing backups...
[19:19:59][Debug] : Performing backups...
[19:20:29][Debug] : Performing backups...
[19:20:59][Debug] : Performing backups...
[19:21:29][Debug] : Performing backups...
[19:21:59][Debug] : Performing backups...
[19:22:29][Debug] : Performing backups...
[19:22:59][Debug] : Performing backups...
[19:23:29][Debug] : Performing backups...
[19:23:59][Debug] : Performing backups...
[19:24:29][Debug] : Performing backups...
[19:24:59][Debug] : Performing backups...
[19:25:29][Debug] : Performing backups...
[19:25:59][Debug] : Performing backups...
[19:26:29][Debug] : Performing backups...
[19:26:59][Debug] : Performing backups...
[19:27:29][Debug] : Performing backups...
[19:27:59][Debug] : Performing backups...
[19:28:29][Debug] : Performing backups...
[19:28:59][Debug] : Performing backups...
[19:29:29][Debug] : Performing backups...
[19:29:59][Debug] : Performing backups...
[19:30:29][Debug] : Performing backups...
[19:30:59][Debug] : Performing backups...
[19:31:29][Debug] : Performing backups...
[19:31:59][Debug] : Performing backups...
[19:32:29][Debug] : Performing backups...
[19:32:59][Debug] : Performing backups...
[19:33:29][Debug] : Performing backups...
[19:33:59][Debug] : Performing backups...
[19:34:29][Debug] : Performing backups...
[19:34:59][Debug] : Performing backups...
[19:35:29][Debug] : Performing backups...
[19:35:59][Debug] : Performing backups...
[19:36:30][Debug] : Performing backups...
[19:37:00][Debug] : Performing backups...
[19:37:30][Debug] : Performing backups...
[19:38:00][Debug] : Performing backups...
[19:38:30][Debug] : Performing backups...
[19:39:00][Debug] : Performing backups...
[19:39:30][Debug] : Performing backups...
[19:40:00][Debug] : Performing backups...
[19:40:30][Debug] : Performing backups...
[19:41:00][Debug] : Performing backups...
[19:41:30][Debug] : Performing backups...
[19:42:00][Debug] : Performing backups...
[19:42:30][Debug] : Performing backups...
[19:43:00][Debug] : Performing backups...
[19:43:30][Debug] : Performing backups...
[19:44:00][Debug] : Performing backups...
[19:44:30][Debug] : Performing backups...
[19:45:00][Debug] : Performing backups...
[19:45:30][Debug] : Performing backups...
[19:46:00][Debug] : Performing backups...
[19:46:30][Debug] : Performing backups...
[19:47:00][Debug] : Performing backups...
[19:47:30][Debug] : Performing backups...
[19:48:00][Debug] : Performing backups...
[19:48:30][Debug] : Performing backups...
[19:49:00][Debug] : Performing backups...
[19:49:30][Debug] : Performing backups...
[19:50:00][Debug] : Performing backups...
[19:50:30][Debug] : Performing backups...
[19:51:00][Debug] : Performing backups...
[19:51:30][Debug] : Performing backups...
[19:52:00][Debug] : Performing backups...
[19:52:30][Debug] : Performing backups...
[19:53:00][Debug] : Performing backups...
[19:53:30][Debug] : Performing backups...
[19:54:00][Debug] : Performing backups...
[19:54:30][Debug] : Performing backups...
[19:55:00][Debug] : Performing backups...
[19:55:30][Debug] : Performing backups...
[19:56:00][Debug] : Performing backups...
[19:56:30][Debug] : Performing backups...
[19:57:00][Debug] : Performing backups...
[19:57:30][Debug] : Performing backups...
[19:58:00][Debug] : Performing backups...
[19:58:30][Debug] : Performing backups...
[19:59:00][Debug] : Performing backups...
[19:59:30][Debug] : Performing backups...
[20:00:00][Debug] : Performing backups...
[20:00:30][Debug] : Performing backups...
[20:01:00][Debug] : Performing backups...
[20:01:30][Debug] : Performing backups...
[20:02:00][Debug] : Performing backups...
[20:02:30][Debug] : Performing backups...
[20:03:00][Debug] : Performing backups...
[20:03:30][Debug] : Performing backups...
[20:04:00][Debug] : Performing backups...
[20:04:30][Debug] : Performing backups...
[20:05:00][Debug] : Performing backups...
[20:05:30][Debug] : Performing backups...
[20:06:00][Debug] : Performing backups...
[20:06:30][Debug] : Performing backups...
[20:07:00][Debug] : Performing backups...
[20:07:30][Debug] : Performing backups...
[20:08:00][Debug] : Performing backups...
[20:08:30][Debug] : Performing backups...
[20:09:00][Debug] : Performing backups...
[20:09:30][Debug] : Performing backups...
[20:10:00][Debug] : Performing backups...
[20:10:30][Debug] : Performing backups...
[20:11:00][Debug] : Performing backups...
[20:11:30][Debug] : Performing backups...
[20:12:00][Debug] : Performing backups...
[20:12:30][Debug] : Performing backups...
[20:13:00][Debug] : Performing backups...
[20:13:30][Debug] : Performing backups...
[20:14:00][Debug] : Performing backups...
[20:14:30][Debug] : Performing backups...
[20:15:00][Debug] : Performing backups...
[20:15:30][Debug] : Performing backups...
[20:16:00][Debug] : Performing backups...
[20:16:30][Debug] : Performing backups...
[20:17:00][Debug] : Performing backups...
[20:17:30][Debug] : Performing backups...
[20:18:00][Debug] : Performing backups...
[20:18:30][Debug] : Performing backups...
[20:19:00][Debug] : Performing backups...
[20:19:30][Debug] : Performing backups...
[20:20:00][Debug] : Performing backups...
[20:20:30][Debug] : Performing backups...
[20:21:00][Debug] : Performing backups...
[20:21:30][Debug] : Performing backups...
[20:22:00][Debug] : Performing backups...
[20:22:30][Debug] : Performing backups...
[20:23:00][Debug] : Performing backups...
[20:23:30][Debug] : Performing backups...
[20:24:00][Debug] : Performing backups...
[20:24:30][Debug] : Performing backups...
[20:25:00][Debug] : Performing backups...
[20:25:30][Debug] : Performing backups...
[20:26:00][Debug] : Performing backups...
[20:26:30][Debug] : Performing backups...
[20:27:00][Debug] : Performing backups...
[20:27:30][Debug] : Performing backups...
[20:28:00][Debug] : Performing backups...
[20:28:30][Debug] : Performing backups...
[20:29:00][Debug] : Performing backups...
[20:29:30][Debug] : Performing backups...
[20:30:00][Debug] : Performing backups...
[20:30:30][Debug] : Performing backups...
[20:31:00][Debug] : Performing backups...
[20:31:30][Debug] : Performing backups...
[20:32:00][Debug] : Performing backups...
[20:32:30][Debug] : Performing backups...
[20:33:00][Debug] : Performing backups...
[20:33:30][Debug] : Performing backups...
[20:34:00][Debug] : Performing backups...
[20:34:30][Debug] : Performing backups...
[20:35:00][Debug] : Performing backups...
[20:35:30][Debug] : Performing backups...
[20:36:00][Debug] : Performing backups...
[20:36:30][Debug] : Performing backups...
[20:37:00][Debug] : Performing backups...
[20:37:30][Debug] : Performing backups...
[20:38:00][Debug] : Performing backups...
[20:38:30][Debug] : Performing backups...
[20:39:00][Debug] : Performing backups...
[20:39:30][Debug] : Performing backups...
[20:40:00][Debug] : Performing backups...
[20:40:30][Debug] : Performing backups...
[20:41:00][Debug] : Performing backups...
[20:41:30][Debug] : Performing backups...
[20:42:00][Debug] : Performing backups...
[20:42:30][Debug] : Performing backups...
[20:43:00][Debug] : Performing backups...
[20:43:30][Debug] : Performing backups...
[20:44:00][Debug] : Performing backups...
[20:44:30][Debug] : Performing backups...
[20:45:00][Debug] : Performing backups...
[20:45:30][Debug] : Performing backups...
[20:46:00][Debug] : Performing backups...
[20:46:30][Debug] : Performing backups...
[20:47:00][Debug] : Performing backups...
[20:47:30][Debug] : Performing backups...
[20:48:00][Debug] : Performing backups...
[20:48:30][Debug] : Performing backups...
[20:49:00][Debug] : Performing backups...
[20:49:30][Debug] : Performing backups...
[20:50:01][Debug] : Performing backups...
[20:50:31][Debug] : Performing backups...
[20:51:01][Debug] : Performing backups...
[20:51:31][Debug] : Performing backups...
[20:52:01][Debug] : Performing backups...
[20:52:31][Debug] : Performing backups...
[20:53:01][Debug] : Performing backups...
[20:53:31][Debug] : Performing backups...
[20:54:01][Debug] : Performing backups...
[20:54:31][Debug] : Performing backups...
[20:55:01][Debug] : Performing backups...
[20:55:31][Debug] : Performing backups...
[20:56:01][Debug] : Performing backups...
[20:56:31][Debug] : Performing backups...
[20:57:01][Debug] : Performing backups...
[20:57:31][Debug] : Performing backups...
[20:58:01][Debug] : Performing backups...
[20:58:31][Debug] : Performing backups...
[20:59:01][Debug] : Performing backups...
[20:59:31][Debug] : Performing backups...
[21:00:01][Debug] : Performing backups...
[21:00:31][Debug] : Performing backups...
[21:01:01][Debug] : Performing backups...
[21:01:31][Debug] : Performing backups...
[21:02:01][Debug] : Performing backups...
[21:02:31][Debug] : Performing backups...
[21:03:01][Debug] : Performing backups...
[21:03:31][Debug] : Performing backups...
[21:04:01][Debug] : Performing backups...
[21:04:31][Debug] : Performing backups...
[21:05:01][Debug] : Performing backups...
[21:05:31][Debug] : Performing backups...
[21:06:01][Debug] : Performing backups...
[21:06:31][Debug] : Performing backups...
[21:07:01][Debug] : Performing backups...
[21:07:31][Debug] : Performing backups...
[21:08:01][Debug] : Performing backups...
[21:08:31][Debug] : Performing backups...
[21:09:01][Debug] : Performing backups...
[21:09:31][Debug] : Performing backups...
[21:10:01][Debug] : Performing backups...
[21:10:31][Debug] : Performing backups...
[21:11:01][Debug] : Performing backups...
[21:11:31][Debug] : Performing backups...
[21:12:01][Debug] : Performing backups...
[21:12:31][Debug] : Performing backups...
[21:13:01][Debug] : Performing backups...
[21:13:31][Debug] : Performing backups...
[21:14:01][Debug] : Performing backups...
[21:14:31][Debug] : Performing backups...
[21:15:01][Debug] : Performing backups...
[21:15:31][Debug] : Performing backups...
[21:16:01][Debug] : Performing backups...
[21:16:31][Debug] : Performing backups...
[21:17:01][Debug] : Performing backups...
[21:17:31][Debug] : Performing backups...
[21:18:01][Debug] : Performing backups...
[21:18:31][Debug] : Performing backups...
[21:19:01][Debug] : Performing backups...
[21:19:31][Debug] : Performing backups...
[21:20:01][Debug] : Performing backups...
[21:20:31][Debug] : Performing backups...
[21:21:01][Debug] : Performing backups...
[21:21:31][Debug] : Performing backups...
[21:22:01][Debug] : Performing backups...
[21:22:32][Debug] : Performing backups...
[21:23:02][Debug] : Performing backups...
[21:23:32][Debug] : Performing backups...
[21:24:02][Debug] : Performing backups...
[21:24:32][Debug] : Performing backups...
[21:25:02][Debug] : Performing backups...
[21:25:32][Debug] : Performing backups...
[21:26:02][Debug] : Performing backups...
[21:26:32][Debug] : Performing backups...
[21:27:02][Debug] : Performing backups...
[21:27:32][Debug] : Performing backups...
[21:28:02][Debug] : Performing backups...
[21:28:32][Debug] : Performing backups...
[21:29:02][Debug] : Performing backups...
[21:29:32][Debug] : Performing backups...
[21:30:02][Debug] : Performing backups...
[21:30:32][Debug] : Performing backups...
[21:31:02][Debug] : Performing backups...
[21:31:32][Debug] : Performing backups...
[21:32:02][Debug] : Performing backups...
[21:32:32][Debug] : Performing backups...
[21:33:02][Debug] : Performing backups...
[21:33:32][Debug] : Performing backups...
[21:34:02][Debug] : Performing backups...
[21:34:32][Debug] : Performing backups...
[21:35:02][Debug] : Performing backups...
[21:35:32][Debug] : Performing backups...
[21:36:02][Debug] : Performing backups...
[21:36:32][Debug] : Performing backups...
[21:37:02][Debug] : Performing backups...
[21:37:32][Debug] : Performing backups...
[21:38:02][Debug] : Performing backups...
[21:38:32][Debug] : Performing backups...
[21:39:02][Debug] : Performing backups...
[21:39:32][Debug] : Performing backups...
[21:40:02][Debug] : Performing backups...
[21:40:32][Debug] : Performing backups...
[21:41:02][Debug] : Performing backups...
[21:41:32][Debug] : Performing backups...
[21:42:02][Debug] : Performing backups...
[21:42:32][Debug] : Performing backups...
[21:43:02][Debug] : Performing backups...
[21:43:32][Debug] : Performing backups...
[21:44:02][Debug] : Performing backups...
[21:44:32][Debug] : Performing backups...
[21:45:02][Debug] : Performing backups...
[21:45:32][Debug] : Performing backups...
[21:46:02][Debug] : Performing backups...
[21:46:32][Debug] : Performing backups...
[21:47:02][Debug] : Performing backups...
[21:47:32][Debug] : Performing backups...
[21:48:02][Debug] : Performing backups...
[21:48:32][Debug] : Performing backups...
[21:49:02][Debug] : Performing backups...
[21:49:32][Debug] : Performing backups...
[21:50:02][Debug] : Performing backups...
[21:50:32][Debug] : Performing backups...
[21:51:02][Debug] : Performing backups...
[21:51:32][Debug] : Performing backups...
[21:52:02][Debug] : Performing backups...
[21:52:32][Debug] : Performing backups...
[21:53:02][Debug] : Performing backups...
[21:53:32][Debug] : Performing backups...
[21:54:02][Debug] : Performing backups...
[21:54:32][Debug] : Performing backups...
[21:55:02][Debug] : Performing backups...
[21:55:32][Debug] : Performing backups...
[21:56:02][Debug] : Performing backups...
[21:56:32][Debug] : Performing backups...
[21:57:02][Debug] : Performing backups...
[21:57:32][Debug] : Performing backups...
[21:58:02][Debug] : Performing backups...
[21:58:32][Debug] : Performing backups...
[21:59:02][Debug] : Performing backups...
[21:59:32][Debug] : Performing backups...
[22:00:02][Debug] : Performing backups...
[22:00:32][Debug] : Performing backups...
[22:01:02][Debug] : Performing backups...
[22:01:32][Debug] : Performing backups...
[22:02:02][Debug] : Performing backups...
[22:02:32][Debug] : Performing backups...
[22:03:02][Debug] : Performing backups...
[22:03:32][Debug] : Performing backups...
[22:04:02][Debug] : Performing backups...
[22:04:32][Debug] : Performing backups...
[22:05:02][Debug] : Performing backups...
[22:05:32][Debug] : Performing backups...
[22:06:02][Debug] : Performing backups...
[22:06:32][Debug] : Performing backups...
[22:07:02][Debug] : Performing backups...
[22:07:32][Debug] : Performing backups...
[22:08:02][Debug] : Performing backups...
[22:08:32][Debug] : Performing backups...
[22:09:02][Debug] : Performing backups...
[22:09:32][Debug] : Performing backups...
[22:10:02][Debug] : Performing backups...
[22:10:32][Debug] : Performing backups...
[22:11:02][Debug] : Performing backups...
[22:11:32][Debug] : Performing backups...
[22:12:02][Debug] : Performing backups...
[22:12:32][Debug] : Performing backups...
[22:13:02][Debug] : Performing backups...
[22:13:32][Debug] : Performing backups...
[22:14:02][Debug] : Performing backups...
[22:14:32][Debug] : Performing backups...
[22:15:02][Debug] : Performing backups...
[22:15:32][Debug] : Performing backups...
[22:16:02][Debug] : Performing backups...
[22:16:32][Debug] : Performing backups...
[22:17:02][Debug] : Performing backups...
[22:17:32][Debug] : Performing backups...
[22:18:02][Debug] : Performing backups...
[22:18:32][Debug] : Performing backups...
[22:19:02][Debug] : Performing backups...
[22:19:32][Debug] : Performing backups...
[22:20:02][Debug] : Performing backups...
[22:20:32][Debug] : Performing backups...
[22:21:02][Debug] : Performing backups...
[22:21:32][Debug] : Performing backups...
[22:22:02][Debug] : Performing backups...
[22:22:32][Debug] : Performing backups...
[22:23:02][Debug] : Performing backups...
[22:23:32][Debug] : Performing backups...
[22:24:02][Debug] : Performing backups...
[22:24:32][Debug] : Performing backups...
[22:25:02][Debug] : Performing backups...
[22:25:32][Debug] : Performing backups...
[22:26:02][Debug] : Performing backups...
[22:26:32][Debug] : Performing backups...
[22:27:02][Debug] : Performing backups...
[22:27:32][Debug] : Performing backups...
[22:28:02][Debug] : Performing backups...
[22:28:32][Debug] : Performing backups...
[22:29:02][Debug] : Performing backups...
[22:29:32][Debug] : Performing backups...
[22:30:03][Debug] : Performing backups...
[22:30:33][Debug] : Performing backups...
[22:31:03][Debug] : Performing backups...
[22:31:33][Debug] : Performing backups...
[22:32:03][Debug] : Performing backups...
[22:32:33][Debug] : Performing backups...
[22:33:03][Debug] : Performing backups...
[22:33:33][Debug] : Performing backups...
[22:34:03][Debug] : Performing backups...
[22:34:33][Debug] : Performing backups...
[22:35:03][Debug] : Performing backups...
[22:35:33][Debug] : Performing backups...
[22:36:03][Debug] : Performing backups...
[22:36:33][Debug] : Performing backups...
[22:37:03][Debug] : Performing backups...
[22:37:33][Debug] : Performing backups...
[22:38:03][Debug] : Performing backups...
[22:38:33][Debug] : Performing backups...
[22:39:03][Debug] : Performing backups...
[22:39:33][Debug] : Performing backups...
[22:40:03][Debug] : Performing backups...
[22:40:33][Debug] : Performing backups...
[22:41:03][Debug] : Performing backups...
[22:41:33][Debug] : Performing backups...
[22:42:03][Debug] : Performing backups...
[22:42:33][Debug] : Performing backups...
[22:43:03][Debug] : Performing backups...
[22:43:33][Debug] : Performing backups...
[22:44:03][Debug] : Performing backups...
[22:44:33][Debug] : Performing backups...
[22:45:03][Debug] : Performing backups...
[22:45:33][Debug] : Performing backups...
[22:46:03][Debug] : Performing backups...
[22:46:33][Debug] : Performing backups...
[22:47:03][Debug] : Performing backups...
[22:47:33][Debug] : Performing backups...
[22:48:03][Debug] : Performing backups...
[22:48:33][Debug] : Performing backups...
[22:49:03][Debug] : Performing backups...
[22:49:33][Debug] : Performing backups...
[22:50:03][Debug] : Performing backups...
[22:50:33][Debug] : Performing backups...
[22:51:03][Debug] : Performing backups...
[22:51:33][Debug] : Performing backups...
[22:52:03][Debug] : Performing backups...
[22:52:33][Debug] : Performing backups...
[22:53:03][Debug] : Performing backups...
[22:53:33][Debug] : Performing backups...
[22:54:03][Debug] : Performing backups...
[22:54:33][Debug] : Performing backups...
[22:55:03][Debug] : Performing backups...
[22:55:33][Debug] : Performing backups...
[22:56:03][Debug] : Performing backups...
[22:56:33][Debug] : Performing backups...
[22:57:03][Debug] : Performing backups...
[22:57:33][Debug] : Performing backups...
[22:58:03][Debug] : Performing backups...
[22:58:33][Debug] : Performing backups...
[22:59:03][Debug] : Performing backups...
[22:59:33][Debug] : Performing backups...
[23:00:03][Debug] : Performing backups...
[23:00:33][Debug] : Performing backups...
[23:01:03][Debug] : Performing backups...
[23:01:33][Debug] : Performing backups...
[23:02:03][Debug] : Performing backups...
[23:02:33][Debug] : Performing backups...
[23:03:03][Debug] : Performing backups...
[23:03:33][Debug] : Performing backups...
[23:04:03][Debug] : Performing backups...
[23:04:33][Debug] : Performing backups...
[23:05:03][Debug] : Performing backups...
[23:05:33][Debug] : Performing backups...
[23:06:03][Debug] : Performing backups...
[23:06:33][Debug] : Performing backups...
[23:07:03][Debug] : Performing backups...
[23:07:33][Debug] : Performing backups...
[23:08:03][Debug] : Performing backups...
[23:08:33][Debug] : Performing backups...
[23:09:03][Debug] : Performing backups...
[23:09:33][Debug] : Performing backups...
[23:10:03][Debug] : Performing backups...
[23:10:33][Debug] : Performing backups...
[23:11:03][Debug] : Performing backups...
[23:11:33][Debug] : Performing backups...
[23:12:03][Debug] : Performing backups...
[23:12:33][Debug] : Performing backups...
[23:13:03][Debug] : Performing backups...
[23:13:33][Debug] : Performing backups...
[23:14:03][Debug] : Performing backups...
[23:14:33][Debug] : Performing backups...
[23:15:03][Debug] : Performing backups...
[23:15:33][Debug] : Performing backups...
[23:16:03][Debug] : Performing backups...
[23:16:33][Debug] : Performing backups...
[23:17:03][Debug] : Performing backups...
[23:17:33][Debug] : Performing backups...
[23:18:03][Debug] : Performing backups...
[23:18:33][Debug] : Performing backups...
[23:19:03][Debug] : Performing backups...
[23:19:33][Debug] : Performing backups...
[23:20:03][Debug] : Performing backups...
[23:20:33][Debug] : Performing backups...
[23:21:03][Debug] : Performing backups...
[23:21:33][Debug] : Performing backups...
[23:22:03][Debug] : Performing backups...
[23:22:33][Debug] : Performing backups...
[23:23:03][Debug] : Performing backups...
[23:23:33][Debug] : Performing backups...
[23:24:03][Debug] : Performing backups...
[23:24:33][Debug] : Performing backups...
[23:25:03][Debug] : Performing backups...
[23:25:33][Debug] : Performing backups...
[23:26:03][Debug] : Performing backups...
[23:26:33][Debug] : Performing backups...
[23:27:03][Debug] : Performing backups...
[23:27:33][Debug] : Performing backups...
[23:28:03][Debug] : Performing backups...
[23:28:33][Debug] : Performing backups...
[23:29:03][Debug] : Performing backups...
[23:29:33][Debug] : Performing backups...
[23:30:03][Debug] : Performing backups...
[23:30:33][Debug] : Performing backups...
[23:31:03][Debug] : Performing backups...
[23:31:33][Debug] : Performing backups...
[23:32:03][Debug] : Performing backups...
[23:32:33][Debug] : Performing backups...
[23:33:03][Debug] : Performing backups...
[23:33:33][Debug] : Performing backups...
[23:34:03][Debug] : Performing backups...
[23:34:33][Debug] : Performing backups...
[23:35:03][Debug] : Performing backups...
[23:35:33][Debug] : Performing backups...
[23:36:03][Debug] : Performing backups...
[23:36:33][Debug] : Performing backups...
[23:37:03][Debug] : Performing backups...
[23:37:33][Debug] : Performing backups...
[23:38:03][Debug] : Performing backups...
[23:38:33][Debug] : Performing backups...
[23:39:03][Debug] : Performing backups...
[23:39:33][Debug] : Performing backups...
[23:40:03][Debug] : Performing backups...
[23:40:33][Debug] : Performing backups...
[23:41:03][Debug] : Performing backups...
[23:41:33][Debug] : Performing backups...
[23:42:03][Debug] : Performing backups...
[23:42:33][Debug] : Performing backups...
[23:43:03][Debug] : Performing backups...
[23:43:33][Debug] : Performing backups...
[23:44:03][Debug] : Performing backups...
[23:44:34][Debug] : Performing backups...
[23:45:04][Debug] : Performing backups...
[23:45:34][Debug] : Performing backups...
[23:46:04][Debug] : Performing backups...
[23:46:34][Debug] : Performing backups...
[23:47:04][Debug] : Performing backups...
[23:47:34][Debug] : Performing backups...
[23:48:04][Debug] : Performing backups...
[23:48:34][Debug] : Performing backups...
[23:49:04][Debug] : Performing backups...
[23:49:34][Debug] : Performing backups...
[23:50:04][Debug] : Performing backups...
[23:50:34][Debug] : Performing backups...
[23:51:04][Debug] : Performing backups...
[23:51:34][Debug] : Performing backups...
[23:52:04][Debug] : Performing backups...
[23:52:34][Debug] : Performing backups...
[23:53:04][Debug] : Performing backups...
[23:53:34][Debug] : Performing backups...
[23:54:04][Debug] : Performing backups...
[23:54:34][Debug] : Performing backups...
[23:55:04][Debug] : Performing backups...
[23:55:34][Debug] : Performing backups...
[23:56:04][Debug] : Performing backups...
[23:56:34][Debug] : Performing backups...
[23:57:04][Debug] : Performing backups...
[23:57:34][Debug] : Performing backups...
[23:58:04][Debug] : Performing backups...
[23:58:34][Debug] : Performing backups...
[23:59:04][Debug] : Performing backups...
[23:59:34][Debug] : Performing backups...
[00:00:04][Debug] : Performing backups...
[00:00:34][Debug] : Performing backups...
